Using pre-set license
Built from '2020.2/staging' branch; Version is '2020.2.7f1 (c53830e277f1) revision 12924976'; Using compiler version '192528614'; Build Type 'Release'
OS: 'Windows 7  (6.1.0) 64bit' Language: 'en' Physical Memory: 16322 MB
BatchMode: 1, IsHumanControllingUs: 0, StartBugReporterOnCrash: 0, Is64bit: 1, IsPro: 0

 COMMAND LINE ARGUMENTS:
C:\Program Files\Unity\Hub\Editor\2020.2.7f1\Editor\Unity.exe
-adb2
-batchMode
-noUpm
-name
AssetImportWorker0
-projectPath
C:/Users/Sebastian/Desktop/2.Semester_Game_narrative/The Narrative RPG game
-logFile
Logs/AssetImportWorker0.log
-srvPort
49471
Successfully changed project path to: C:/Users/Sebastian/Desktop/2.Semester_Game_narrative/The Narrative RPG game
C:/Users/Sebastian/Desktop/2.Semester_Game_narrative/The Narrative RPG game
Using Asset Import Pipeline V2.
Refreshing native plugins compatible for Editor in 81.42 ms, found 0 plugins.
Preloading 0 native plugins for Editor in 0.00 ms.
Initialize engine version: 2020.2.7f1 (c53830e277f1)
[Subsystems] Discovering subsystems at path C:/Program Files/Unity/Hub/Editor/2020.2.7f1/Editor/Data/Resources/UnitySubsystems
[Subsystems] Discovering subsystems at path C:/Users/Sebastian/Desktop/2.Semester_Game_narrative/The Narrative RPG game/Assets
GfxDevice: creating device client; threaded=0
d3d11: CreateDXGIFactory2(...) not found, fallbacking to CreateDXGIFactory1(...).
d3d11: QueryInterface(IDXGIFactory5) failed (80004002).
Direct3D:
    Version:  Direct3D 11.0 [level 11.0]
    Renderer: NVIDIA GeForce GTX 970 (ID=0x13c2)
    Vendor:   
    VRAM:     4008 MB
    Driver:   9.18.13.5306
Initialize mono
Mono path[0] = 'C:/Program Files/Unity/Hub/Editor/2020.2.7f1/Editor/Data/Managed'
Mono path[1] = 'C:/Program Files/Unity/Hub/Editor/2020.2.7f1/Editor/Data/MonoBleedingEdge/lib/mono/unityjit'
Mono config path = 'C:/Program Files/Unity/Hub/Editor/2020.2.7f1/Editor/Data/MonoBleedingEdge/etc'
Using monoOptions --debugger-agent=transport=dt_socket,embedding=1,server=y,suspend=n,address=127.0.0.1:56620
Begin MonoManager ReloadAssembly
Registering precompiled unity dll's ...
Register platform support module: C:/Program Files/Unity/Hub/Editor/2020.2.7f1/Editor/Data/PlaybackEngines/WindowsStandaloneSupport/UnityEditor.WindowsStandalone.Extensions.dll
Registered in 0.000896 seconds.
Native extension for WindowsStandalone target not found
Refreshing native plugins compatible for Editor in 66.37 ms, found 0 plugins.
Preloading 0 native plugins for Editor in 0.00 ms.
Invoked RoslynAnalysisRunner static constructor.
RoslynAnalysisRunner will not be running.
RoslynAnalysisRunner has terminated.
Mono: successfully reloaded assembly
- Completed reload, in  1.049 seconds
Platform modules already initialized, skipping
Registering precompiled user dll's ...
Registered in 0.001115 seconds.
Begin MonoManager ReloadAssembly
Native extension for WindowsStandalone target not found
Refreshing native plugins compatible for Editor in 0.73 ms, found 0 plugins.
Preloading 0 native plugins for Editor in 0.00 ms.
Invoked RoslynAnalysisRunner static constructor.
RoslynAnalysisRunner will not be running.
RoslynAnalysisRunner has terminated.
Mono: successfully reloaded assembly
- Completed reload, in  0.762 seconds
Platform modules already initialized, skipping
========================================================================
Worker process is ready to serve import requests
Launched and connected shader compiler UnityShaderCompiler.exe after 0.02 seconds
Refreshing native plugins compatible for Editor in 1.03 ms, found 0 plugins.
Preloading 0 native plugins for Editor in 0.00 ms.
Unloading 1167 Unused Serialized files (Serialized files now loaded: 0)
System memory in use before: 63.7 MB.
System memory in use after: 63.8 MB.

Unloading 10 unused Assets to reduce memory usage. Loaded Objects now: 1609.
Total: 1.531074 ms (FindLiveObjects: 0.114696 ms CreateObjectMapping: 0.039515 ms MarkObjects: 1.313485 ms  DeleteObjects: 0.062351 ms)

========================================================================
Received Import Request.
  path: Assets/SupportGirl.prefab
  artifactKey: Guid(9366d914aab25a349b19e77129c50f60) Importer(815301076,1909f56bfc062723c751e8b465ee728b)
Start importing Assets/SupportGirl.prefab using Guid(9366d914aab25a349b19e77129c50f60) Importer(815301076,1909f56bfc062723c751e8b465ee728b)  -> (artifact id: '127db0763eabbe686d5d7b180b91fbb4') in 0.155825 seconds
  Import took 0.159253 seconds .

========================================================================
Received Import Request.
  Time since last request: 0.000590 seconds.
  path: Assets/Edgelord.prefab
  artifactKey: Guid(e7347db7b277b3b40966660e685e6597) Importer(815301076,1909f56bfc062723c751e8b465ee728b)
Start importing Assets/Edgelord.prefab using Guid(e7347db7b277b3b40966660e685e6597) Importer(815301076,1909f56bfc062723c751e8b465ee728b)  -> (artifact id: '3d39dae1c5d79ce00bc0bc8fc07fc856') in 0.027285 seconds
  Import took 0.030761 seconds .

========================================================================
Received Import Request.
  Time since last request: 0.000294 seconds.
  path: Assets/CatDog.prefab
  artifactKey: Guid(c933258ef8d5fdb4eb4b84516341fc6b) Importer(815301076,1909f56bfc062723c751e8b465ee728b)
Start importing Assets/CatDog.prefab using Guid(c933258ef8d5fdb4eb4b84516341fc6b) Importer(815301076,1909f56bfc062723c751e8b465ee728b)  -> (artifact id: 'b2651e0fe9d5bf4057d11a21e6e6cccc') in 0.038000 seconds
  Import took 0.042313 seconds .

========================================================================
Received Import Request.
  Time since last request: 0.001291 seconds.
  path: Assets/Red Knight.prefab
  artifactKey: Guid(0d1ef56f66aeb7d4c96456003d26c9bd) Importer(815301076,1909f56bfc062723c751e8b465ee728b)
Start importing Assets/Red Knight.prefab using Guid(0d1ef56f66aeb7d4c96456003d26c9bd) Importer(815301076,1909f56bfc062723c751e8b465ee728b)  -> (artifact id: '6eda76baeb9df2dacf7a926aa3cb0312') in 0.042876 seconds
  Import took 0.046322 seconds .

========================================================================
Received Import Request.
  Time since last request: 0.000152 seconds.
  path: Assets/Goblin.prefab
  artifactKey: Guid(da090feae53731847ae25e6cafb28b6d) Importer(815301076,1909f56bfc062723c751e8b465ee728b)
Start importing Assets/Goblin.prefab using Guid(da090feae53731847ae25e6cafb28b6d) Importer(815301076,1909f56bfc062723c751e8b465ee728b)  -> (artifact id: 'ea7934e550a2d06634d41044ba0d3a99') in 0.027989 seconds
  Import took 0.030276 seconds .

========================================================================
Received Import Request.
  Time since last request: 0.000166 seconds.
  path: Assets/SwordGuy.prefab
  artifactKey: Guid(700229979454cdd44ad211865b836faa) Importer(815301076,1909f56bfc062723c751e8b465ee728b)
Start importing Assets/SwordGuy.prefab using Guid(700229979454cdd44ad211865b836faa) Importer(815301076,1909f56bfc062723c751e8b465ee728b) Controller 'SwordGuy': Transition '' in state 'Swordguy_Attack' uses parameter 'Back' which does not exist in controller.
UnityEngine.StackTraceUtility:ExtractStackTrace ()
UnityEditor.EditorUtility:Internal_InstantiateRemoveAllNonAnimationComponentsSingle (UnityEngine.Object,UnityEngine.Vector3,UnityEngine.Quaternion)
UnityEditor.EditorUtility:InstantiateRemoveAllNonAnimationComponents (UnityEngine.Object,UnityEngine.Vector3,UnityEngine.Quaternion)
UnityEditor.EditorUtility:InstantiateForAnimatorPreview (UnityEngine.Object)
UnityEditor.GameObjectInspector/PreviewData:UpdateGameObject (UnityEngine.Object)
UnityEditor.GameObjectInspector/PreviewData:.ctor (UnityEngine.Object)
UnityEditor.GameObjectInspector:GetPreviewData ()
UnityEditor.GameObjectInspector:RenderStaticPreview (string,UnityEngine.Object[],int,int)
UnityEditor.AssetPreviewUpdater:CreatePreviewForAsset (UnityEngine.Object,UnityEngine.Object[],string)

[C:\buildslave\unity\build\Modules\Animation\AnimatorController.cpp line 871]

 -> (artifact id: '52ecf8a91b3e2e9ff51c8c89d444a59d') in 0.022590 seconds
  Import took 0.025194 seconds .

========================================================================
Received Import Request.
  Time since last request: 0.000137 seconds.
  path: Assets/Goblin.prefab
  artifactKey: Guid(da090feae53731847ae25e6cafb28b6d) Importer(815301076,1909f56bfc062723c751e8b465ee728b)
Start importing Assets/Goblin.prefab using Guid(da090feae53731847ae25e6cafb28b6d) Importer(815301076,1909f56bfc062723c751e8b465ee728b)  -> (artifact id: 'ea7934e550a2d06634d41044ba0d3a99') in 0.019675 seconds
  Import took 0.022719 seconds .

========================================================================
Received Import Request.
  Time since last request: 0.000150 seconds.
  path: Assets/SwordGuy.prefab
  artifactKey: Guid(700229979454cdd44ad211865b836faa) Importer(815301076,1909f56bfc062723c751e8b465ee728b)
Start importing Assets/SwordGuy.prefab using Guid(700229979454cdd44ad211865b836faa) Importer(815301076,1909f56bfc062723c751e8b465ee728b) Controller 'SwordGuy': Transition '' in state 'Swordguy_Attack' uses parameter 'Back' which does not exist in controller.
UnityEngine.StackTraceUtility:ExtractStackTrace ()
UnityEditor.EditorUtility:Internal_InstantiateRemoveAllNonAnimationComponentsSingle (UnityEngine.Object,UnityEngine.Vector3,UnityEngine.Quaternion)
UnityEditor.EditorUtility:InstantiateRemoveAllNonAnimationComponents (UnityEngine.Object,UnityEngine.Vector3,UnityEngine.Quaternion)
UnityEditor.EditorUtility:InstantiateForAnimatorPreview (UnityEngine.Object)
UnityEditor.GameObjectInspector/PreviewData:UpdateGameObject (UnityEngine.Object)
UnityEditor.GameObjectInspector/PreviewData:.ctor (UnityEngine.Object)
UnityEditor.GameObjectInspector:GetPreviewData ()
UnityEditor.GameObjectInspector:RenderStaticPreview (string,UnityEngine.Object[],int,int)
UnityEditor.AssetPreviewUpdater:CreatePreviewForAsset (UnityEngine.Object,UnityEngine.Object[],string)

[C:\buildslave\unity\build\Modules\Animation\AnimatorController.cpp line 871]

 -> (artifact id: '52ecf8a91b3e2e9ff51c8c89d444a59d') in 0.014430 seconds
  Import took 0.016972 seconds .

========================================================================
Received Import Request.
  Time since last request: 6.230297 seconds.
  path: Assets/Scenes/CombatScene.unity
  artifactKey: Guid(d4f67e3ca1ceaef46a300a9dd2bda48e) Importer(815301076,1909f56bfc062723c751e8b465ee728b)
Start importing Assets/Scenes/CombatScene.unity using Guid(d4f67e3ca1ceaef46a300a9dd2bda48e) Importer(815301076,1909f56bfc062723c751e8b465ee728b)  -> (artifact id: '1c33a0104873c052c5d0d94fde238ae8') in 0.009228 seconds
  Import took 0.011678 seconds .

========================================================================
Received Import Request.
  Time since last request: 0.005991 seconds.
  path: Assets/Scenes/CombatScene.unity
  artifactKey: Guid(d4f67e3ca1ceaef46a300a9dd2bda48e) Importer(815301076,1909f56bfc062723c751e8b465ee728b)
Start importing Assets/Scenes/CombatScene.unity using Guid(d4f67e3ca1ceaef46a300a9dd2bda48e) Importer(815301076,1909f56bfc062723c751e8b465ee728b)  -> (artifact id: '1c33a0104873c052c5d0d94fde238ae8') in 0.007021 seconds
  Import took 0.009452 seconds .

========================================================================
Received Prepare
Registering precompiled user dll's ...
Registered in 0.000976 seconds.
Begin MonoManager ReloadAssembly
Native extension for WindowsStandalone target not found
Refreshing native plugins compatible for Editor in 0.80 ms, found 0 plugins.
Preloading 0 native plugins for Editor in 0.00 ms.
Invoked RoslynAnalysisRunner static constructor.
RoslynAnalysisRunner will not be running.
RoslynAnalysisRunner has terminated.
Mono: successfully reloaded assembly
- Completed reload, in  0.792 seconds
Platform modules already initialized, skipping
Refreshing native plugins compatible for Editor in 1.18 ms, found 0 plugins.
Preloading 0 native plugins for Editor in 0.00 ms.
Unloading 1149 Unused Serialized files (Serialized files now loaded: 0)
System memory in use before: 66.0 MB.
System memory in use after: 66.0 MB.

Unloading 5 unused Assets to reduce memory usage. Loaded Objects now: 1619.
Total: 1.611900 ms (FindLiveObjects: 0.115466 ms CreateObjectMapping: 0.035409 ms MarkObjects: 1.406371 ms  DeleteObjects: 0.053627 ms)

