Using pre-set license
Built from '2020.2/staging' branch; Version is '2020.2.7f1 (c53830e277f1) revision 12924976'; Using compiler version '192528614'; Build Type 'Release'
OS: 'Windows 7  (6.1.0) 64bit' Language: 'en' Physical Memory: 16322 MB
BatchMode: 1, IsHumanControllingUs: 0, StartBugReporterOnCrash: 0, Is64bit: 1, IsPro: 0

 COMMAND LINE ARGUMENTS:
C:\Program Files\Unity\Hub\Editor\2020.2.7f1\Editor\Unity.exe
-adb2
-batchMode
-noUpm
-name
AssetImportWorker0
-projectPath
C:/Users/Sebastian/Desktop/2.Semester_Game_narrative/The Narrative RPG game
-logFile
Logs/AssetImportWorker0.log
-srvPort
60358
Successfully changed project path to: C:/Users/Sebastian/Desktop/2.Semester_Game_narrative/The Narrative RPG game
C:/Users/Sebastian/Desktop/2.Semester_Game_narrative/The Narrative RPG game
Using Asset Import Pipeline V2.
Refreshing native plugins compatible for Editor in 255.41 ms, found 0 plugins.
Preloading 0 native plugins for Editor in 0.00 ms.
Initialize engine version: 2020.2.7f1 (c53830e277f1)
[Subsystems] Discovering subsystems at path C:/Program Files/Unity/Hub/Editor/2020.2.7f1/Editor/Data/Resources/UnitySubsystems
[Subsystems] Discovering subsystems at path C:/Users/Sebastian/Desktop/2.Semester_Game_narrative/The Narrative RPG game/Assets
GfxDevice: creating device client; threaded=0
d3d11: CreateDXGIFactory2(...) not found, fallbacking to CreateDXGIFactory1(...).
d3d11: QueryInterface(IDXGIFactory5) failed (80004002).
Direct3D:
    Version:  Direct3D 11.0 [level 11.0]
    Renderer: NVIDIA GeForce GTX 970 (ID=0x13c2)
    Vendor:   
    VRAM:     4008 MB
    Driver:   9.18.13.5306
Initialize mono
Mono path[0] = 'C:/Program Files/Unity/Hub/Editor/2020.2.7f1/Editor/Data/Managed'
Mono path[1] = 'C:/Program Files/Unity/Hub/Editor/2020.2.7f1/Editor/Data/MonoBleedingEdge/lib/mono/unityjit'
Mono config path = 'C:/Program Files/Unity/Hub/Editor/2020.2.7f1/Editor/Data/MonoBleedingEdge/etc'
Using monoOptions --debugger-agent=transport=dt_socket,embedding=1,server=y,suspend=n,address=127.0.0.1:56756
Begin MonoManager ReloadAssembly
Registering precompiled unity dll's ...
Register platform support module: C:/Program Files/Unity/Hub/Editor/2020.2.7f1/Editor/Data/PlaybackEngines/WindowsStandaloneSupport/UnityEditor.WindowsStandalone.Extensions.dll
Registered in 0.001840 seconds.
Native extension for WindowsStandalone target not found
Refreshing native plugins compatible for Editor in 268.38 ms, found 0 plugins.
Preloading 0 native plugins for Editor in 0.00 ms.
Invoked RoslynAnalysisRunner static constructor.
RoslynAnalysisRunner will not be running.
RoslynAnalysisRunner has terminated.
Mono: successfully reloaded assembly
- Completed reload, in  1.694 seconds
Platform modules already initialized, skipping
Registering precompiled user dll's ...
Registered in 0.005121 seconds.
Begin MonoManager ReloadAssembly
Native extension for WindowsStandalone target not found
Refreshing native plugins compatible for Editor in 251.29 ms, found 0 plugins.
Preloading 0 native plugins for Editor in 0.00 ms.
Invoked RoslynAnalysisRunner static constructor.
RoslynAnalysisRunner will not be running.
RoslynAnalysisRunner has terminated.
Mono: successfully reloaded assembly
- Completed reload, in  1.500 seconds
Platform modules already initialized, skipping
========================================================================
Worker process is ready to serve import requests
Launched and connected shader compiler UnityShaderCompiler.exe after 0.02 seconds
Refreshing native plugins compatible for Editor in 5.21 ms, found 0 plugins.
Preloading 0 native plugins for Editor in 0.00 ms.
Unloading 1680 Unused Serialized files (Serialized files now loaded: 0)
System memory in use before: 85.9 MB.
System memory in use after: 86.0 MB.

Unloading 17 unused Assets to reduce memory usage. Loaded Objects now: 2128.
Total: 4.513957 ms (FindLiveObjects: 0.548336 ms CreateObjectMapping: 0.387710 ms MarkObjects: 3.501704 ms  DeleteObjects: 0.073129 ms)

========================================================================
Received Import Request.
  path: Assets/Supernovacut6.webm
  artifactKey: Guid(62a531c42010fda4c8276332472d6546) Importer(815301076,1909f56bfc062723c751e8b465ee728b)
Start importing Assets/Supernovacut6.webm using Guid(62a531c42010fda4c8276332472d6546) Importer(815301076,1909f56bfc062723c751e8b465ee728b)  -> (artifact id: '03f0fa3654059b16a053d45cbc290cc9') in 0.091458 seconds
  Import took 0.097107 seconds .

========================================================================
Received Import Request.
  Time since last request: 0.003684 seconds.
  path: Assets/SupportGirl.prefab
  artifactKey: Guid(9366d914aab25a349b19e77129c50f60) Importer(815301076,1909f56bfc062723c751e8b465ee728b)
Start importing Assets/SupportGirl.prefab using Guid(9366d914aab25a349b19e77129c50f60) Importer(815301076,1909f56bfc062723c751e8b465ee728b)  -> (artifact id: 'ba5b10d7d20e0a411efd35d2bed8e02b') in 0.181770 seconds
  Import took 0.188233 seconds .

========================================================================
Received Import Request.
  Time since last request: 0.000220 seconds.
  path: Assets/Edgelord ATK animation-1.png.png
  artifactKey: Guid(fb4a7b69adf563e449384dff691af1de) Importer(815301076,1909f56bfc062723c751e8b465ee728b)
Start importing Assets/Edgelord ATK animation-1.png.png using Guid(fb4a7b69adf563e449384dff691af1de) Importer(815301076,1909f56bfc062723c751e8b465ee728b)  -> (artifact id: 'edadba2964d6aa64049a7f6ca0feebd8') in 0.071760 seconds
  Import took 0.077142 seconds .

========================================================================
Received Import Request.
  Time since last request: 0.000229 seconds.
  path: Assets/Earth Elemental 3.prefab
  artifactKey: Guid(6f18c761c817e314a9af0fad2e8f0938) Importer(815301076,1909f56bfc062723c751e8b465ee728b)
Start importing Assets/Earth Elemental 3.prefab using Guid(6f18c761c817e314a9af0fad2e8f0938) Importer(815301076,1909f56bfc062723c751e8b465ee728b) Asset 'Earth Elemental 3': Transition 'EarthElemental_Idle -> Earth_Elemental' in state 'EarthElemental_Idle' doesn't have an Exit Time or any condition, transition will be ignored
UnityEngine.StackTraceUtility:ExtractStackTrace ()
UnityEditor.EditorUtility:Internal_InstantiateRemoveAllNonAnimationComponentsSingle (UnityEngine.Object,UnityEngine.Vector3,UnityEngine.Quaternion)
UnityEditor.EditorUtility:InstantiateRemoveAllNonAnimationComponents (UnityEngine.Object,UnityEngine.Vector3,UnityEngine.Quaternion)
UnityEditor.EditorUtility:InstantiateForAnimatorPreview (UnityEngine.Object)
UnityEditor.GameObjectInspector/PreviewData:UpdateGameObject (UnityEngine.Object)
UnityEditor.GameObjectInspector/PreviewData:.ctor (UnityEngine.Object)
UnityEditor.GameObjectInspector:GetPreviewData ()
UnityEditor.GameObjectInspector:RenderStaticPreview (string,UnityEngine.Object[],int,int)
UnityEditor.AssetPreviewUpdater:CreatePreviewForAsset (UnityEngine.Object,UnityEngine.Object[],string)

[C:\buildslave\unity\build\Editor/Src/Animation/StateMachine.cpp line 1847]

Asset 'Earth Elemental 3': Transition 'Earth_Elemental -> EarthElemental_Idle' in state 'Earth_Elemental' doesn't have an Exit Time or any condition, transition will be ignored
UnityEngine.StackTraceUtility:ExtractStackTrace ()
UnityEditor.EditorUtility:Internal_InstantiateRemoveAllNonAnimationComponentsSingle (UnityEngine.Object,UnityEngine.Vector3,UnityEngine.Quaternion)
UnityEditor.EditorUtility:InstantiateRemoveAllNonAnimationComponents (UnityEngine.Object,UnityEngine.Vector3,UnityEngine.Quaternion)
UnityEditor.EditorUtility:InstantiateForAnimatorPreview (UnityEngine.Object)
UnityEditor.GameObjectInspector/PreviewData:UpdateGameObject (UnityEngine.Object)
UnityEditor.GameObjectInspector/PreviewData:.ctor (UnityEngine.Object)
UnityEditor.GameObjectInspector:GetPreviewData ()
UnityEditor.GameObjectInspector:RenderStaticPreview (string,UnityEngine.Object[],int,int)
UnityEditor.AssetPreviewUpdater:CreatePreviewForAsset (UnityEngine.Object,UnityEngine.Object[],string)

[C:\buildslave\unity\build\Editor/Src/Animation/StateMachine.cpp line 1847]

 -> (artifact id: 'c5d48df54b6d9029e87d3ddb9c3f0063') in 0.026456 seconds
  Import took 0.032504 seconds .

========================================================================
Received Import Request.
  Time since last request: 0.000267 seconds.
  path: Assets/Support Girl - Emote_Move.png
  artifactKey: Guid(1518aaa0c3fb9d741b4e58ec44d23795) Importer(815301076,1909f56bfc062723c751e8b465ee728b)
Start importing Assets/Support Girl - Emote_Move.png using Guid(1518aaa0c3fb9d741b4e58ec44d23795) Importer(815301076,1909f56bfc062723c751e8b465ee728b)  -> (artifact id: '24a28fb6f5519778af122f6ccbeafbc1') in 0.117631 seconds
  Import took 0.123511 seconds .

========================================================================
Received Import Request.
  Time since last request: 0.000226 seconds.
  path: Assets/Explosion.prefab
  artifactKey: Guid(7f412308d5aee99419c17821ae2b238c) Importer(815301076,1909f56bfc062723c751e8b465ee728b)
Start importing Assets/Explosion.prefab using Guid(7f412308d5aee99419c17821ae2b238c) Importer(815301076,1909f56bfc062723c751e8b465ee728b) Asset 'Explosion-1_png': Transition 'Explosion_Idle -> Explosion_Attack' in state 'Explosion_Idle' doesn't have an Exit Time or any condition, transition will be ignored
UnityEngine.StackTraceUtility:ExtractStackTrace ()
UnityEditor.EditorUtility:Internal_InstantiateRemoveAllNonAnimationComponentsSingle (UnityEngine.Object,UnityEngine.Vector3,UnityEngine.Quaternion)
UnityEditor.EditorUtility:InstantiateRemoveAllNonAnimationComponents (UnityEngine.Object,UnityEngine.Vector3,UnityEngine.Quaternion)
UnityEditor.EditorUtility:InstantiateForAnimatorPreview (UnityEngine.Object)
UnityEditor.GameObjectInspector/PreviewData:UpdateGameObject (UnityEngine.Object)
UnityEditor.GameObjectInspector/PreviewData:.ctor (UnityEngine.Object)
UnityEditor.GameObjectInspector:GetPreviewData ()
UnityEditor.GameObjectInspector:RenderStaticPreview (string,UnityEngine.Object[],int,int)
UnityEditor.AssetPreviewUpdater:CreatePreviewForAsset (UnityEngine.Object,UnityEngine.Object[],string)

[C:\buildslave\unity\build\Editor/Src/Animation/StateMachine.cpp line 1847]

Asset 'Explosion-1_png': Transition 'Explosion_Attack -> Explosion_Idle' in state 'Explosion_Attack' doesn't have an Exit Time or any condition, transition will be ignored
UnityEngine.StackTraceUtility:ExtractStackTrace ()
UnityEditor.EditorUtility:Internal_InstantiateRemoveAllNonAnimationComponentsSingle (UnityEngine.Object,UnityEngine.Vector3,UnityEngine.Quaternion)
UnityEditor.EditorUtility:InstantiateRemoveAllNonAnimationComponents (UnityEngine.Object,UnityEngine.Vector3,UnityEngine.Quaternion)
UnityEditor.EditorUtility:InstantiateForAnimatorPreview (UnityEngine.Object)
UnityEditor.GameObjectInspector/PreviewData:UpdateGameObject (UnityEngine.Object)
UnityEditor.GameObjectInspector/PreviewData:.ctor (UnityEngine.Object)
UnityEditor.GameObjectInspector:GetPreviewData ()
UnityEditor.GameObjectInspector:RenderStaticPreview (string,UnityEngine.Object[],int,int)
UnityEditor.AssetPreviewUpdater:CreatePreviewForAsset (UnityEngine.Object,UnityEngine.Object[],string)

[C:\buildslave\unity\build\Editor/Src/Animation/StateMachine.cpp line 1847]

 -> (artifact id: '47c8b61e5b3e53437d736e9ce89cfc7c') in 0.018618 seconds
  Import took 0.024981 seconds .

========================================================================
Received Import Request.
  Time since last request: 0.000512 seconds.
  path: Assets/edgelordattack.png
  artifactKey: Guid(d0e7e274d4134f44ebaa1c19727f404f) Importer(815301076,1909f56bfc062723c751e8b465ee728b)
Start importing Assets/edgelordattack.png using Guid(d0e7e274d4134f44ebaa1c19727f404f) Importer(815301076,1909f56bfc062723c751e8b465ee728b)  -> (artifact id: 'fe47b0114a55e20881b99cbbc02165e7') in 0.026691 seconds
  Import took 0.033809 seconds .

========================================================================
Received Import Request.
  Time since last request: 0.000271 seconds.
  path: Assets/Edgelord.prefab
  artifactKey: Guid(e7347db7b277b3b40966660e685e6597) Importer(815301076,1909f56bfc062723c751e8b465ee728b)
Start importing Assets/Edgelord.prefab using Guid(e7347db7b277b3b40966660e685e6597) Importer(815301076,1909f56bfc062723c751e8b465ee728b)  -> (artifact id: 'f7eb531186cc13e7ccc9356054a492b4') in 0.025830 seconds
  Import took 0.032893 seconds .

========================================================================
Received Import Request.
  Time since last request: 0.004422 seconds.
  path: Assets/mil3_5.png
  artifactKey: Guid(7d6b5825f5ef11e47a1b10c4cf30c451) Importer(815301076,1909f56bfc062723c751e8b465ee728b)
Start importing Assets/mil3_5.png using Guid(7d6b5825f5ef11e47a1b10c4cf30c451) Importer(815301076,1909f56bfc062723c751e8b465ee728b)  -> (artifact id: '7101b8811107eecf0c082dedba3171bc') in 0.199800 seconds
  Import took 0.206897 seconds .

========================================================================
Received Import Request.
  Time since last request: 0.000249 seconds.
  path: Assets/CatDog.prefab
  artifactKey: Guid(c933258ef8d5fdb4eb4b84516341fc6b) Importer(815301076,1909f56bfc062723c751e8b465ee728b)
Start importing Assets/CatDog.prefab using Guid(c933258ef8d5fdb4eb4b84516341fc6b) Importer(815301076,1909f56bfc062723c751e8b465ee728b)  -> (artifact id: 'bbe1b8def9e60593ac5f52278ef1e921') in 0.032337 seconds
  Import took 0.038178 seconds .

========================================================================
Received Import Request.
  Time since last request: 0.000193 seconds.
  path: Assets/Red Knight 1.prefab
  artifactKey: Guid(5ac38afccc3bc3c489bfe4a042d1e4b4) Importer(815301076,1909f56bfc062723c751e8b465ee728b)
Start importing Assets/Red Knight 1.prefab using Guid(5ac38afccc3bc3c489bfe4a042d1e4b4) Importer(815301076,1909f56bfc062723c751e8b465ee728b)  -> (artifact id: '215bcb58bb9a906f67115dbae6b84435') in 0.029395 seconds
  Import took 0.036767 seconds .

========================================================================
Received Import Request.
  Time since last request: 0.000223 seconds.
  path: Assets/edgelordidlee.png
  artifactKey: Guid(ec14c126a0d10ae42b5f4baa4fd783a4) Importer(815301076,1909f56bfc062723c751e8b465ee728b)
Start importing Assets/edgelordidlee.png using Guid(ec14c126a0d10ae42b5f4baa4fd783a4) Importer(815301076,1909f56bfc062723c751e8b465ee728b)  -> (artifact id: '84a25761c115382ec5d51239a726aced') in 0.021198 seconds
  Import took 0.026523 seconds .

========================================================================
Received Import Request.
  Time since last request: 0.000237 seconds.
  path: Assets/Supernovacut7.webm
  artifactKey: Guid(58812f948ba77e94da6c0c3a4d7cfd98) Importer(815301076,1909f56bfc062723c751e8b465ee728b)
Start importing Assets/Supernovacut7.webm using Guid(58812f948ba77e94da6c0c3a4d7cfd98) Importer(815301076,1909f56bfc062723c751e8b465ee728b)  -> (artifact id: 'c2330a3491088434bef6a2dd5d09318c') in 0.004900 seconds
  Import took 0.010108 seconds .

========================================================================
Received Import Request.
  Time since last request: 0.000214 seconds.
  path: Assets/Goblin.prefab
  artifactKey: Guid(da090feae53731847ae25e6cafb28b6d) Importer(815301076,1909f56bfc062723c751e8b465ee728b)
Start importing Assets/Goblin.prefab using Guid(da090feae53731847ae25e6cafb28b6d) Importer(815301076,1909f56bfc062723c751e8b465ee728b)  -> (artifact id: 'f11055db3132e077efe33783a1977d2d') in 0.031541 seconds
  Import took 0.037152 seconds .

========================================================================
Received Import Request.
  Time since last request: 0.000394 seconds.
  path: Assets/SwordGuy.prefab
  artifactKey: Guid(700229979454cdd44ad211865b836faa) Importer(815301076,1909f56bfc062723c751e8b465ee728b)
Start importing Assets/SwordGuy.prefab using Guid(700229979454cdd44ad211865b836faa) Importer(815301076,1909f56bfc062723c751e8b465ee728b) Controller 'SwordGuy': Transition '' in state 'Swordguy_Attack' uses parameter 'Back' which does not exist in controller.
UnityEngine.StackTraceUtility:ExtractStackTrace ()
UnityEditor.EditorUtility:Internal_InstantiateRemoveAllNonAnimationComponentsSingle (UnityEngine.Object,UnityEngine.Vector3,UnityEngine.Quaternion)
UnityEditor.EditorUtility:InstantiateRemoveAllNonAnimationComponents (UnityEngine.Object,UnityEngine.Vector3,UnityEngine.Quaternion)
UnityEditor.EditorUtility:InstantiateForAnimatorPreview (UnityEngine.Object)
UnityEditor.GameObjectInspector/PreviewData:UpdateGameObject (UnityEngine.Object)
UnityEditor.GameObjectInspector/PreviewData:.ctor (UnityEngine.Object)
UnityEditor.GameObjectInspector:GetPreviewData ()
UnityEditor.GameObjectInspector:RenderStaticPreview (string,UnityEngine.Object[],int,int)
UnityEditor.AssetPreviewUpdater:CreatePreviewForAsset (UnityEngine.Object,UnityEngine.Object[],string)

[C:\buildslave\unity\build\Modules\Animation\AnimatorController.cpp line 871]

 -> (artifact id: '9bb57a6aab30c3ef4ce282957498ea37') in 0.016340 seconds
  Import took 0.022504 seconds .

========================================================================
Received Import Request.
  Time since last request: 0.000199 seconds.
  path: Assets/Red Knight - Battle-1.png (1).png
  artifactKey: Guid(33ca50a286272d94f8e23f030d31c769) Importer(815301076,1909f56bfc062723c751e8b465ee728b)
Start importing Assets/Red Knight - Battle-1.png (1).png using Guid(33ca50a286272d94f8e23f030d31c769) Importer(815301076,1909f56bfc062723c751e8b465ee728b)  -> (artifact id: '6cc60aa19dfeaee9808e7c8705516f88') in 0.220152 seconds
  Import took 0.226566 seconds .

========================================================================
Received Import Request.
  Time since last request: 0.000303 seconds.
  path: Assets/60FPS_ASDark_04_Sting.png
  artifactKey: Guid(f12908396ffd469429b2997f72714cf9) Importer(815301076,1909f56bfc062723c751e8b465ee728b)
Start importing Assets/60FPS_ASDark_04_Sting.png using Guid(f12908396ffd469429b2997f72714cf9) Importer(815301076,1909f56bfc062723c751e8b465ee728b)  -> (artifact id: 'fb3efdd85fce1051c5167e9a1c243ef3') in 0.858735 seconds
  Import took 0.865725 seconds .

========================================================================
Received Prepare
Registering precompiled user dll's ...
Registered in 0.004712 seconds.
Begin MonoManager ReloadAssembly
Native extension for WindowsStandalone target not found
Refreshing native plugins compatible for Editor in 4.85 ms, found 0 plugins.
Preloading 0 native plugins for Editor in 0.00 ms.
Invoked RoslynAnalysisRunner static constructor.
RoslynAnalysisRunner will not be running.
RoslynAnalysisRunner has terminated.
Mono: successfully reloaded assembly
- Completed reload, in  1.559 seconds
Platform modules already initialized, skipping
Refreshing native plugins compatible for Editor in 4.78 ms, found 0 plugins.
Preloading 0 native plugins for Editor in 0.00 ms.
Unloading 1658 Unused Serialized files (Serialized files now loaded: 0)
System memory in use before: 89.0 MB.
System memory in use after: 89.2 MB.

Unloading 6 unused Assets to reduce memory usage. Loaded Objects now: 2695.
Total: 4.619929 ms (FindLiveObjects: 0.719482 ms CreateObjectMapping: 0.084419 ms MarkObjects: 3.787803 ms  DeleteObjects: 0.025659 ms)

========================================================================
Received Import Request.
  Time since last request: 182.799806 seconds.
  path: Assets/Resources
  artifactKey: Guid(a4ab0bfb833424d6ead4d5ad48803630) Importer(815301076,1909f56bfc062723c751e8b465ee728b)
Start importing Assets/Resources using Guid(a4ab0bfb833424d6ead4d5ad48803630) Importer(815301076,1909f56bfc062723c751e8b465ee728b)  -> (artifact id: 'e4e64857718158b2ffd8ed1b30ccfad7') in 0.114574 seconds
  Import took 0.120105 seconds .

========================================================================
Received Import Request.
  Time since last request: 1.773124 seconds.
  path: Assets/Resources/DialogueDesigner
  artifactKey: Guid(a199be8fa9419415ea76115110e55f3e) Importer(815301076,1909f56bfc062723c751e8b465ee728b)
Start importing Assets/Resources/DialogueDesigner using Guid(a199be8fa9419415ea76115110e55f3e) Importer(815301076,1909f56bfc062723c751e8b465ee728b)  -> (artifact id: '8c6b90a438c654f6b6733df4b7a617e6') in 0.005218 seconds
  Import took 0.011167 seconds .

========================================================================
Received Import Request.
  Time since last request: 4.453088 seconds.
  path: Assets/Resources/DialogueDesigner/OutPut
  artifactKey: Guid(1f19cf7de2d4e4d6f93f4530774c65f8) Importer(815301076,1909f56bfc062723c751e8b465ee728b)
Start importing Assets/Resources/DialogueDesigner/OutPut using Guid(1f19cf7de2d4e4d6f93f4530774c65f8) Importer(815301076,1909f56bfc062723c751e8b465ee728b)  -> (artifact id: '6f10b0d04fb5e7cfba7975ca179c4e37') in 0.002967 seconds
  Import took 0.008558 seconds .

========================================================================
Received Import Request.
  Time since last request: 0.000889 seconds.
  path: Assets/Resources/DialogueDesigner/OutPut
  artifactKey: Guid(1f19cf7de2d4e4d6f93f4530774c65f8) Importer(815301076,1909f56bfc062723c751e8b465ee728b)
Start importing Assets/Resources/DialogueDesigner/OutPut using Guid(1f19cf7de2d4e4d6f93f4530774c65f8) Importer(815301076,1909f56bfc062723c751e8b465ee728b)  -> (artifact id: '6f10b0d04fb5e7cfba7975ca179c4e37') in 0.002976 seconds
  Import took 0.009015 seconds .

========================================================================
Received Import Request.
  Time since last request: 1.369740 seconds.
  path: Assets/Resources/DialogueDesigner/OutPut/angryCitizenNPC.json
  artifactKey: Guid(6775cf45a0e50f342a230928dc7b444a) Importer(815301076,1909f56bfc062723c751e8b465ee728b)
Start importing Assets/Resources/DialogueDesigner/OutPut/angryCitizenNPC.json using Guid(6775cf45a0e50f342a230928dc7b444a) Importer(815301076,1909f56bfc062723c751e8b465ee728b)  -> (artifact id: '00000000000000000000000000000000') in 0.019619 seconds
  ERROR: Build asset version error: assets/resources/dialoguedesigner/output/angrycitizennpc.json in SourceAssetDB has modification time of '2021-05-24T18:34:39.4652575Z' while content on disk has modification time of '2021-05-24T18:45:54.0688426Z'
  Import took 0.025174 seconds .

========================================================================
Received Import Request.
  Time since last request: 0.000377 seconds.
  path: Assets/Resources/DialogueDesigner/OutPut/angryCitizenNPC.json
  artifactKey: Guid(6775cf45a0e50f342a230928dc7b444a) Importer(815301076,1909f56bfc062723c751e8b465ee728b)
Start importing Assets/Resources/DialogueDesigner/OutPut/angryCitizenNPC.json using Guid(6775cf45a0e50f342a230928dc7b444a) Importer(815301076,1909f56bfc062723c751e8b465ee728b)  -> (artifact id: '00000000000000000000000000000000') in 0.001459 seconds
  ERROR: Build asset version error: assets/resources/dialoguedesigner/output/angrycitizennpc.json in SourceAssetDB has modification time of '2021-05-24T18:34:39.4652575Z' while content on disk has modification time of '2021-05-24T18:45:54.0688426Z'
  Import took 0.007657 seconds .

========================================================================
Received Import Request.
  Time since last request: 0.045718 seconds.
  path: Assets/Resources/DialogueDesigner/OutPut/angryCitizenNPC.json
  artifactKey: Guid(6775cf45a0e50f342a230928dc7b444a) Importer(815301076,1909f56bfc062723c751e8b465ee728b)
Start importing Assets/Resources/DialogueDesigner/OutPut/angryCitizenNPC.json using Guid(6775cf45a0e50f342a230928dc7b444a) Importer(815301076,1909f56bfc062723c751e8b465ee728b)  -> (artifact id: '00000000000000000000000000000000') in 0.001140 seconds
  ERROR: Build asset version error: assets/resources/dialoguedesigner/output/angrycitizennpc.json in SourceAssetDB has modification time of '2021-05-24T18:34:39.4652575Z' while content on disk has modification time of '2021-05-24T18:45:54.0688426Z'
  Import took 0.006680 seconds .

========================================================================
Received Import Request.
  Time since last request: 0.038727 seconds.
  path: Assets/Resources/DialogueDesigner/OutPut/angryCitizenNPC.json
  artifactKey: Guid(6775cf45a0e50f342a230928dc7b444a) Importer(815301076,1909f56bfc062723c751e8b465ee728b)
Start importing Assets/Resources/DialogueDesigner/OutPut/angryCitizenNPC.json using Guid(6775cf45a0e50f342a230928dc7b444a) Importer(815301076,1909f56bfc062723c751e8b465ee728b)  -> (artifact id: '00000000000000000000000000000000') in 0.000975 seconds
  ERROR: Build asset version error: assets/resources/dialoguedesigner/output/angrycitizennpc.json in SourceAssetDB has modification time of '2021-05-24T18:34:39.4652575Z' while content on disk has modification time of '2021-05-24T18:45:54.0688426Z'
  Import took 0.009079 seconds .

========================================================================
Received Import Request.
  Time since last request: 0.037149 seconds.
  path: Assets/Resources/DialogueDesigner/OutPut/angryCitizenNPC.json
  artifactKey: Guid(6775cf45a0e50f342a230928dc7b444a) Importer(815301076,1909f56bfc062723c751e8b465ee728b)
Start importing Assets/Resources/DialogueDesigner/OutPut/angryCitizenNPC.json using Guid(6775cf45a0e50f342a230928dc7b444a) Importer(815301076,1909f56bfc062723c751e8b465ee728b)  -> (artifact id: '00000000000000000000000000000000') in 0.001900 seconds
  ERROR: Build asset version error: assets/resources/dialoguedesigner/output/angrycitizennpc.json in SourceAssetDB has modification time of '2021-05-24T18:34:39.4652575Z' while content on disk has modification time of '2021-05-24T18:45:54.0688426Z'
  Import took 0.007906 seconds .

========================================================================
Received Import Request.
  Time since last request: 0.036206 seconds.
  path: Assets/Resources/DialogueDesigner/OutPut/angryCitizenNPC.json
  artifactKey: Guid(6775cf45a0e50f342a230928dc7b444a) Importer(815301076,1909f56bfc062723c751e8b465ee728b)
Start importing Assets/Resources/DialogueDesigner/OutPut/angryCitizenNPC.json using Guid(6775cf45a0e50f342a230928dc7b444a) Importer(815301076,1909f56bfc062723c751e8b465ee728b)  -> (artifact id: '00000000000000000000000000000000') in 0.000723 seconds
  ERROR: Build asset version error: assets/resources/dialoguedesigner/output/angrycitizennpc.json in SourceAssetDB has modification time of '2021-05-24T18:34:39.4652575Z' while content on disk has modification time of '2021-05-24T18:45:54.0688426Z'
  Import took 0.005456 seconds .

========================================================================
Received Import Request.
  Time since last request: 0.050040 seconds.
  path: Assets/Resources/DialogueDesigner/OutPut/angryCitizenNPC.json
  artifactKey: Guid(6775cf45a0e50f342a230928dc7b444a) Importer(815301076,1909f56bfc062723c751e8b465ee728b)
Start importing Assets/Resources/DialogueDesigner/OutPut/angryCitizenNPC.json using Guid(6775cf45a0e50f342a230928dc7b444a) Importer(815301076,1909f56bfc062723c751e8b465ee728b)  -> (artifact id: '00000000000000000000000000000000') in 0.003553 seconds
  ERROR: Build asset version error: assets/resources/dialoguedesigner/output/angrycitizennpc.json in SourceAssetDB has modification time of '2021-05-24T18:34:39.4652575Z' while content on disk has modification time of '2021-05-24T18:45:54.0688426Z'
  Import took 0.009228 seconds .

========================================================================
Received Import Request.
  Time since last request: 0.035654 seconds.
  path: Assets/Resources/DialogueDesigner/OutPut/angryCitizenNPC.json
  artifactKey: Guid(6775cf45a0e50f342a230928dc7b444a) Importer(815301076,1909f56bfc062723c751e8b465ee728b)
Start importing Assets/Resources/DialogueDesigner/OutPut/angryCitizenNPC.json using Guid(6775cf45a0e50f342a230928dc7b444a) Importer(815301076,1909f56bfc062723c751e8b465ee728b)  -> (artifact id: '00000000000000000000000000000000') in 0.001299 seconds
  ERROR: Build asset version error: assets/resources/dialoguedesigner/output/angrycitizennpc.json in SourceAssetDB has modification time of '2021-05-24T18:34:39.4652575Z' while content on disk has modification time of '2021-05-24T18:45:54.0688426Z'
  Import took 0.006691 seconds .

========================================================================
Received Import Request.
  Time since last request: 0.041172 seconds.
  path: Assets/Resources/DialogueDesigner/OutPut/angryCitizenNPC.json
  artifactKey: Guid(6775cf45a0e50f342a230928dc7b444a) Importer(815301076,1909f56bfc062723c751e8b465ee728b)
Start importing Assets/Resources/DialogueDesigner/OutPut/angryCitizenNPC.json using Guid(6775cf45a0e50f342a230928dc7b444a) Importer(815301076,1909f56bfc062723c751e8b465ee728b)  -> (artifact id: '00000000000000000000000000000000') in 0.001160 seconds
  ERROR: Build asset version error: assets/resources/dialoguedesigner/output/angrycitizennpc.json in SourceAssetDB has modification time of '2021-05-24T18:34:39.4652575Z' while content on disk has modification time of '2021-05-24T18:45:54.0688426Z'
  Import took 0.007232 seconds .

========================================================================
Received Import Request.
  Time since last request: 0.042976 seconds.
  path: Assets/Resources/DialogueDesigner/OutPut/angryCitizenNPC.json
  artifactKey: Guid(6775cf45a0e50f342a230928dc7b444a) Importer(815301076,1909f56bfc062723c751e8b465ee728b)
Start importing Assets/Resources/DialogueDesigner/OutPut/angryCitizenNPC.json using Guid(6775cf45a0e50f342a230928dc7b444a) Importer(815301076,1909f56bfc062723c751e8b465ee728b)  -> (artifact id: '00000000000000000000000000000000') in 0.000931 seconds
  ERROR: Build asset version error: assets/resources/dialoguedesigner/output/angrycitizennpc.json in SourceAssetDB has modification time of '2021-05-24T18:34:39.4652575Z' while content on disk has modification time of '2021-05-24T18:45:54.0688426Z'
  Import took 0.005314 seconds .

========================================================================
Received Import Request.
  Time since last request: 0.034496 seconds.
  path: Assets/Resources/DialogueDesigner/OutPut/angryCitizenNPC.json
  artifactKey: Guid(6775cf45a0e50f342a230928dc7b444a) Importer(815301076,1909f56bfc062723c751e8b465ee728b)
Start importing Assets/Resources/DialogueDesigner/OutPut/angryCitizenNPC.json using Guid(6775cf45a0e50f342a230928dc7b444a) Importer(815301076,1909f56bfc062723c751e8b465ee728b)  -> (artifact id: '00000000000000000000000000000000') in 0.000736 seconds
  ERROR: Build asset version error: assets/resources/dialoguedesigner/output/angrycitizennpc.json in SourceAssetDB has modification time of '2021-05-24T18:34:39.4652575Z' while content on disk has modification time of '2021-05-24T18:45:54.0688426Z'
  Import took 0.005400 seconds .

========================================================================
Received Import Request.
  Time since last request: 0.038784 seconds.
  path: Assets/Resources/DialogueDesigner/OutPut/angryCitizenNPC.json
  artifactKey: Guid(6775cf45a0e50f342a230928dc7b444a) Importer(815301076,1909f56bfc062723c751e8b465ee728b)
Start importing Assets/Resources/DialogueDesigner/OutPut/angryCitizenNPC.json using Guid(6775cf45a0e50f342a230928dc7b444a) Importer(815301076,1909f56bfc062723c751e8b465ee728b)  -> (artifact id: '00000000000000000000000000000000') in 0.000999 seconds
  ERROR: Build asset version error: assets/resources/dialoguedesigner/output/angrycitizennpc.json in SourceAssetDB has modification time of '2021-05-24T18:34:39.4652575Z' while content on disk has modification time of '2021-05-24T18:45:54.0688426Z'
  Import took 0.006974 seconds .

========================================================================
Received Import Request.
  Time since last request: 0.046148 seconds.
  path: Assets/Resources/DialogueDesigner/OutPut/angryCitizenNPC.json
  artifactKey: Guid(6775cf45a0e50f342a230928dc7b444a) Importer(815301076,1909f56bfc062723c751e8b465ee728b)
Start importing Assets/Resources/DialogueDesigner/OutPut/angryCitizenNPC.json using Guid(6775cf45a0e50f342a230928dc7b444a) Importer(815301076,1909f56bfc062723c751e8b465ee728b)  -> (artifact id: '00000000000000000000000000000000') in 0.001247 seconds
  ERROR: Build asset version error: assets/resources/dialoguedesigner/output/angrycitizennpc.json in SourceAssetDB has modification time of '2021-05-24T18:34:39.4652575Z' while content on disk has modification time of '2021-05-24T18:45:54.0688426Z'
  Import took 0.006717 seconds .

========================================================================
Received Import Request.
  Time since last request: 0.035344 seconds.
  path: Assets/Resources/DialogueDesigner/OutPut/angryCitizenNPC.json
  artifactKey: Guid(6775cf45a0e50f342a230928dc7b444a) Importer(815301076,1909f56bfc062723c751e8b465ee728b)
Start importing Assets/Resources/DialogueDesigner/OutPut/angryCitizenNPC.json using Guid(6775cf45a0e50f342a230928dc7b444a) Importer(815301076,1909f56bfc062723c751e8b465ee728b)  -> (artifact id: '00000000000000000000000000000000') in 0.001134 seconds
  ERROR: Build asset version error: assets/resources/dialoguedesigner/output/angrycitizennpc.json in SourceAssetDB has modification time of '2021-05-24T18:34:39.4652575Z' while content on disk has modification time of '2021-05-24T18:45:54.0688426Z'
  Import took 0.005696 seconds .

========================================================================
Received Import Request.
  Time since last request: 0.038911 seconds.
  path: Assets/Resources/DialogueDesigner/OutPut/angryCitizenNPC.json
  artifactKey: Guid(6775cf45a0e50f342a230928dc7b444a) Importer(815301076,1909f56bfc062723c751e8b465ee728b)
Start importing Assets/Resources/DialogueDesigner/OutPut/angryCitizenNPC.json using Guid(6775cf45a0e50f342a230928dc7b444a) Importer(815301076,1909f56bfc062723c751e8b465ee728b)  -> (artifact id: '00000000000000000000000000000000') in 0.000998 seconds
  ERROR: Build asset version error: assets/resources/dialoguedesigner/output/angrycitizennpc.json in SourceAssetDB has modification time of '2021-05-24T18:34:39.4652575Z' while content on disk has modification time of '2021-05-24T18:45:54.0688426Z'
  Import took 0.007245 seconds .

========================================================================
Received Import Request.
  Time since last request: 0.039410 seconds.
  path: Assets/Resources/DialogueDesigner/OutPut/angryCitizenNPC.json
  artifactKey: Guid(6775cf45a0e50f342a230928dc7b444a) Importer(815301076,1909f56bfc062723c751e8b465ee728b)
Start importing Assets/Resources/DialogueDesigner/OutPut/angryCitizenNPC.json using Guid(6775cf45a0e50f342a230928dc7b444a) Importer(815301076,1909f56bfc062723c751e8b465ee728b)  -> (artifact id: '00000000000000000000000000000000') in 0.001059 seconds
  ERROR: Build asset version error: assets/resources/dialoguedesigner/output/angrycitizennpc.json in SourceAssetDB has modification time of '2021-05-24T18:34:39.4652575Z' while content on disk has modification time of '2021-05-24T18:45:54.0688426Z'
  Import took 0.005797 seconds .

========================================================================
Received Import Request.
  Time since last request: 0.037335 seconds.
  path: Assets/Resources/DialogueDesigner/OutPut/angryCitizenNPC.json
  artifactKey: Guid(6775cf45a0e50f342a230928dc7b444a) Importer(815301076,1909f56bfc062723c751e8b465ee728b)
Start importing Assets/Resources/DialogueDesigner/OutPut/angryCitizenNPC.json using Guid(6775cf45a0e50f342a230928dc7b444a) Importer(815301076,1909f56bfc062723c751e8b465ee728b)  -> (artifact id: '00000000000000000000000000000000') in 0.000900 seconds
  ERROR: Build asset version error: assets/resources/dialoguedesigner/output/angrycitizennpc.json in SourceAssetDB has modification time of '2021-05-24T18:34:39.4652575Z' while content on disk has modification time of '2021-05-24T18:45:54.0688426Z'
  Import took 0.005352 seconds .

========================================================================
Received Import Request.
  Time since last request: 0.041728 seconds.
  path: Assets/Resources/DialogueDesigner/OutPut/angryCitizenNPC.json
  artifactKey: Guid(6775cf45a0e50f342a230928dc7b444a) Importer(815301076,1909f56bfc062723c751e8b465ee728b)
Start importing Assets/Resources/DialogueDesigner/OutPut/angryCitizenNPC.json using Guid(6775cf45a0e50f342a230928dc7b444a) Importer(815301076,1909f56bfc062723c751e8b465ee728b)  -> (artifact id: '00000000000000000000000000000000') in 0.000757 seconds
  ERROR: Build asset version error: assets/resources/dialoguedesigner/output/angrycitizennpc.json in SourceAssetDB has modification time of '2021-05-24T18:34:39.4652575Z' while content on disk has modification time of '2021-05-24T18:45:54.0688426Z'
  Import took 0.005936 seconds .

========================================================================
Received Import Request.
  Time since last request: 0.041683 seconds.
  path: Assets/Resources/DialogueDesigner/OutPut/angryCitizenNPC.json
  artifactKey: Guid(6775cf45a0e50f342a230928dc7b444a) Importer(815301076,1909f56bfc062723c751e8b465ee728b)
Start importing Assets/Resources/DialogueDesigner/OutPut/angryCitizenNPC.json using Guid(6775cf45a0e50f342a230928dc7b444a) Importer(815301076,1909f56bfc062723c751e8b465ee728b)  -> (artifact id: '00000000000000000000000000000000') in 0.000994 seconds
  ERROR: Build asset version error: assets/resources/dialoguedesigner/output/angrycitizennpc.json in SourceAssetDB has modification time of '2021-05-24T18:34:39.4652575Z' while content on disk has modification time of '2021-05-24T18:45:54.0688426Z'
  Import took 0.006744 seconds .

========================================================================
Received Import Request.
  Time since last request: 0.036514 seconds.
  path: Assets/Resources/DialogueDesigner/OutPut/angryCitizenNPC.json
  artifactKey: Guid(6775cf45a0e50f342a230928dc7b444a) Importer(815301076,1909f56bfc062723c751e8b465ee728b)
Start importing Assets/Resources/DialogueDesigner/OutPut/angryCitizenNPC.json using Guid(6775cf45a0e50f342a230928dc7b444a) Importer(815301076,1909f56bfc062723c751e8b465ee728b)  -> (artifact id: '00000000000000000000000000000000') in 0.001078 seconds
  ERROR: Build asset version error: assets/resources/dialoguedesigner/output/angrycitizennpc.json in SourceAssetDB has modification time of '2021-05-24T18:34:39.4652575Z' while content on disk has modification time of '2021-05-24T18:45:54.0688426Z'
  Import took 0.006892 seconds .

========================================================================
Received Import Request.
  Time since last request: 0.039557 seconds.
  path: Assets/Resources/DialogueDesigner/OutPut/angryCitizenNPC.json
  artifactKey: Guid(6775cf45a0e50f342a230928dc7b444a) Importer(815301076,1909f56bfc062723c751e8b465ee728b)
Start importing Assets/Resources/DialogueDesigner/OutPut/angryCitizenNPC.json using Guid(6775cf45a0e50f342a230928dc7b444a) Importer(815301076,1909f56bfc062723c751e8b465ee728b)  -> (artifact id: '00000000000000000000000000000000') in 0.000935 seconds
  ERROR: Build asset version error: assets/resources/dialoguedesigner/output/angrycitizennpc.json in SourceAssetDB has modification time of '2021-05-24T18:34:39.4652575Z' while content on disk has modification time of '2021-05-24T18:45:54.0688426Z'
  Import took 0.005828 seconds .

========================================================================
Received Import Request.
  Time since last request: 0.039320 seconds.
  path: Assets/Resources/DialogueDesigner/OutPut/angryCitizenNPC.json
  artifactKey: Guid(6775cf45a0e50f342a230928dc7b444a) Importer(815301076,1909f56bfc062723c751e8b465ee728b)
Start importing Assets/Resources/DialogueDesigner/OutPut/angryCitizenNPC.json using Guid(6775cf45a0e50f342a230928dc7b444a) Importer(815301076,1909f56bfc062723c751e8b465ee728b)  -> (artifact id: '00000000000000000000000000000000') in 0.001202 seconds
  ERROR: Build asset version error: assets/resources/dialoguedesigner/output/angrycitizennpc.json in SourceAssetDB has modification time of '2021-05-24T18:34:39.4652575Z' while content on disk has modification time of '2021-05-24T18:45:54.0688426Z'
  Import took 0.007553 seconds .

========================================================================
Received Import Request.
  Time since last request: 0.036161 seconds.
  path: Assets/Resources/DialogueDesigner/OutPut/angryCitizenNPC.json
  artifactKey: Guid(6775cf45a0e50f342a230928dc7b444a) Importer(815301076,1909f56bfc062723c751e8b465ee728b)
Start importing Assets/Resources/DialogueDesigner/OutPut/angryCitizenNPC.json using Guid(6775cf45a0e50f342a230928dc7b444a) Importer(815301076,1909f56bfc062723c751e8b465ee728b)  -> (artifact id: '00000000000000000000000000000000') in 0.002029 seconds
  ERROR: Build asset version error: assets/resources/dialoguedesigner/output/angrycitizennpc.json in SourceAssetDB has modification time of '2021-05-24T18:34:39.4652575Z' while content on disk has modification time of '2021-05-24T18:45:54.0688426Z'
  Import took 0.007900 seconds .

========================================================================
Received Import Request.
  Time since last request: 0.034185 seconds.
  path: Assets/Resources/DialogueDesigner/OutPut/angryCitizenNPC.json
  artifactKey: Guid(6775cf45a0e50f342a230928dc7b444a) Importer(815301076,1909f56bfc062723c751e8b465ee728b)
Start importing Assets/Resources/DialogueDesigner/OutPut/angryCitizenNPC.json using Guid(6775cf45a0e50f342a230928dc7b444a) Importer(815301076,1909f56bfc062723c751e8b465ee728b)  -> (artifact id: '00000000000000000000000000000000') in 0.001126 seconds
  ERROR: Build asset version error: assets/resources/dialoguedesigner/output/angrycitizennpc.json in SourceAssetDB has modification time of '2021-05-24T18:34:39.4652575Z' while content on disk has modification time of '2021-05-24T18:45:54.0688426Z'
  Import took 0.006524 seconds .

========================================================================
Received Import Request.
  Time since last request: 0.046038 seconds.
  path: Assets/Resources/DialogueDesigner/OutPut/angryCitizenNPC.json
  artifactKey: Guid(6775cf45a0e50f342a230928dc7b444a) Importer(815301076,1909f56bfc062723c751e8b465ee728b)
Start importing Assets/Resources/DialogueDesigner/OutPut/angryCitizenNPC.json using Guid(6775cf45a0e50f342a230928dc7b444a) Importer(815301076,1909f56bfc062723c751e8b465ee728b)  -> (artifact id: '00000000000000000000000000000000') in 0.000907 seconds
  ERROR: Build asset version error: assets/resources/dialoguedesigner/output/angrycitizennpc.json in SourceAssetDB has modification time of '2021-05-24T18:34:39.4652575Z' while content on disk has modification time of '2021-05-24T18:45:54.0688426Z'
  Import took 0.006850 seconds .

========================================================================
Received Import Request.
  Time since last request: 0.037165 seconds.
  path: Assets/Resources/DialogueDesigner/OutPut/angryCitizenNPC.json
  artifactKey: Guid(6775cf45a0e50f342a230928dc7b444a) Importer(815301076,1909f56bfc062723c751e8b465ee728b)
Start importing Assets/Resources/DialogueDesigner/OutPut/angryCitizenNPC.json using Guid(6775cf45a0e50f342a230928dc7b444a) Importer(815301076,1909f56bfc062723c751e8b465ee728b)  -> (artifact id: '00000000000000000000000000000000') in 0.001007 seconds
  ERROR: Build asset version error: assets/resources/dialoguedesigner/output/angrycitizennpc.json in SourceAssetDB has modification time of '2021-05-24T18:34:39.4652575Z' while content on disk has modification time of '2021-05-24T18:45:54.0688426Z'
  Import took 0.006604 seconds .

========================================================================
Received Import Request.
  Time since last request: 0.068809 seconds.
  path: Assets/Resources/DialogueDesigner/OutPut/Dialogue_Mark_2.1-Copy.json
  artifactKey: Guid(a29fc0896643a4049812bfe5c1ba1258) Importer(815301076,1909f56bfc062723c751e8b465ee728b)
Start importing Assets/Resources/DialogueDesigner/OutPut/Dialogue_Mark_2.1-Copy.json using Guid(a29fc0896643a4049812bfe5c1ba1258) Importer(815301076,1909f56bfc062723c751e8b465ee728b)  -> (artifact id: 'ae7ee17ec21b0e65020257d71255a6e7') in 0.004763 seconds
  Import took 0.009530 seconds .

========================================================================
Received Import Request.
  Time since last request: 0.001877 seconds.
  path: Assets/Resources/DialogueDesigner/OutPut/Dialogue_Mark_2.1-Copy.json
  artifactKey: Guid(a29fc0896643a4049812bfe5c1ba1258) Importer(815301076,1909f56bfc062723c751e8b465ee728b)
Start importing Assets/Resources/DialogueDesigner/OutPut/Dialogue_Mark_2.1-Copy.json using Guid(a29fc0896643a4049812bfe5c1ba1258) Importer(815301076,1909f56bfc062723c751e8b465ee728b)  -> (artifact id: 'ae7ee17ec21b0e65020257d71255a6e7') in 0.005721 seconds
  Import took 0.011884 seconds .

========================================================================
Received Import Request.
  Time since last request: 0.621464 seconds.
  path: Assets/Resources/DialogueDesigner/OutPut/EnteringVillage.json
  artifactKey: Guid(df4d28351d4ba904d8c2706622d0c9bf) Importer(815301076,1909f56bfc062723c751e8b465ee728b)
Start importing Assets/Resources/DialogueDesigner/OutPut/EnteringVillage.json using Guid(df4d28351d4ba904d8c2706622d0c9bf) Importer(815301076,1909f56bfc062723c751e8b465ee728b)  -> (artifact id: 'f9306bc6d5f3c4347a12df31711a97a0') in 0.010261 seconds
  Import took 0.017327 seconds .

========================================================================
Received Import Request.
  Time since last request: 1.892046 seconds.
  path: Assets/Resources/DialogueDesigner/OutPut/HeroHome_Object_PCnew.json
  artifactKey: Guid(c5f2bed96f330cb448cdd39cc87b8aa0) Importer(815301076,1909f56bfc062723c751e8b465ee728b)
Start importing Assets/Resources/DialogueDesigner/OutPut/HeroHome_Object_PCnew.json using Guid(c5f2bed96f330cb448cdd39cc87b8aa0) Importer(815301076,1909f56bfc062723c751e8b465ee728b)  -> (artifact id: '352840442cb44a86795a14a3f9cd27da') in 0.006645 seconds
  Import took 0.014670 seconds .

========================================================================
Received Import Request.
  Time since last request: 0.830512 seconds.
  path: Assets/Resources/DialogueDesigner/OutPut/Villain_Dialogue_1new.json
  artifactKey: Guid(f2cc241ae32168c4790bae68a8f13ad5) Importer(815301076,1909f56bfc062723c751e8b465ee728b)
Start importing Assets/Resources/DialogueDesigner/OutPut/Villain_Dialogue_1new.json using Guid(f2cc241ae32168c4790bae68a8f13ad5) Importer(815301076,1909f56bfc062723c751e8b465ee728b)  -> (artifact id: '55367ce44beafbfebf614361990ac749') in 0.006539 seconds
  Import took 0.012172 seconds .

========================================================================
Received Import Request.
  Time since last request: 0.000533 seconds.
  path: Assets/Resources/DialogueDesigner/OutPut/Villain_Dialogue_1new.json
  artifactKey: Guid(f2cc241ae32168c4790bae68a8f13ad5) Importer(815301076,1909f56bfc062723c751e8b465ee728b)
Start importing Assets/Resources/DialogueDesigner/OutPut/Villain_Dialogue_1new.json using Guid(f2cc241ae32168c4790bae68a8f13ad5) Importer(815301076,1909f56bfc062723c751e8b465ee728b)  -> (artifact id: '55367ce44beafbfebf614361990ac749') in 0.006108 seconds
  Import took 0.012473 seconds .

========================================================================
Received Import Request.
  Time since last request: 17.119204 seconds.
  path: Assets/Resources/DialogueDesigner/OutPut/EntryDialogue.json
  artifactKey: Guid(448f52f33f4e54021a613cddf0f0408a) Importer(815301076,1909f56bfc062723c751e8b465ee728b)
Start importing Assets/Resources/DialogueDesigner/OutPut/EntryDialogue.json using Guid(448f52f33f4e54021a613cddf0f0408a) Importer(815301076,1909f56bfc062723c751e8b465ee728b)  -> (artifact id: '8be6705064b8c28f2f32e45c89d87684') in 0.006256 seconds
  Import took 0.012332 seconds .

========================================================================
Received Import Request.
  Time since last request: 6.207061 seconds.
  path: Assets/Resources/DialogueDesigner/OutPut/angryCitizenNPC.json
  artifactKey: Guid(6775cf45a0e50f342a230928dc7b444a) Importer(815301076,1909f56bfc062723c751e8b465ee728b)
Start importing Assets/Resources/DialogueDesigner/OutPut/angryCitizenNPC.json using Guid(6775cf45a0e50f342a230928dc7b444a) Importer(815301076,1909f56bfc062723c751e8b465ee728b)  -> (artifact id: '00000000000000000000000000000000') in 0.001264 seconds
  ERROR: Build asset version error: assets/resources/dialoguedesigner/output/angrycitizennpc.json in SourceAssetDB has modification time of '2021-05-24T18:34:39.4652575Z' while content on disk has modification time of '2021-05-24T18:45:54.0688426Z'
  Import took 0.007311 seconds .

========================================================================
Received Import Request.
  Time since last request: 0.008498 seconds.
  path: Assets/Resources/DialogueDesigner/OutPut/angryCitizenNPC.json
  artifactKey: Guid(6775cf45a0e50f342a230928dc7b444a) Importer(815301076,1909f56bfc062723c751e8b465ee728b)
Start importing Assets/Resources/DialogueDesigner/OutPut/angryCitizenNPC.json using Guid(6775cf45a0e50f342a230928dc7b444a) Importer(815301076,1909f56bfc062723c751e8b465ee728b)  -> (artifact id: '00000000000000000000000000000000') in 0.001058 seconds
  ERROR: Build asset version error: assets/resources/dialoguedesigner/output/angrycitizennpc.json in SourceAssetDB has modification time of '2021-05-24T18:34:39.4652575Z' while content on disk has modification time of '2021-05-24T18:45:54.0688426Z'
  Import took 0.014089 seconds .

========================================================================
Received Import Request.
  Time since last request: 0.029665 seconds.
  path: Assets/Resources/DialogueDesigner/OutPut/angryCitizenNPC.json
  artifactKey: Guid(6775cf45a0e50f342a230928dc7b444a) Importer(815301076,1909f56bfc062723c751e8b465ee728b)
Start importing Assets/Resources/DialogueDesigner/OutPut/angryCitizenNPC.json using Guid(6775cf45a0e50f342a230928dc7b444a) Importer(815301076,1909f56bfc062723c751e8b465ee728b)  -> (artifact id: '00000000000000000000000000000000') in 0.001957 seconds
  ERROR: Build asset version error: assets/resources/dialoguedesigner/output/angrycitizennpc.json in SourceAssetDB has modification time of '2021-05-24T18:34:39.4652575Z' while content on disk has modification time of '2021-05-24T18:45:54.0688426Z'
  Import took 0.006931 seconds .

========================================================================
Received Import Request.
  Time since last request: 0.046290 seconds.
  path: Assets/Resources/DialogueDesigner/OutPut/angryCitizenNPC.json
  artifactKey: Guid(6775cf45a0e50f342a230928dc7b444a) Importer(815301076,1909f56bfc062723c751e8b465ee728b)
Start importing Assets/Resources/DialogueDesigner/OutPut/angryCitizenNPC.json using Guid(6775cf45a0e50f342a230928dc7b444a) Importer(815301076,1909f56bfc062723c751e8b465ee728b)  -> (artifact id: '00000000000000000000000000000000') in 0.000969 seconds
  ERROR: Build asset version error: assets/resources/dialoguedesigner/output/angrycitizennpc.json in SourceAssetDB has modification time of '2021-05-24T18:34:39.4652575Z' while content on disk has modification time of '2021-05-24T18:45:54.0688426Z'
  Import took 0.006285 seconds .

========================================================================
Received Import Request.
  Time since last request: 0.041056 seconds.
  path: Assets/Resources/DialogueDesigner/OutPut/angryCitizenNPC.json
  artifactKey: Guid(6775cf45a0e50f342a230928dc7b444a) Importer(815301076,1909f56bfc062723c751e8b465ee728b)
Start importing Assets/Resources/DialogueDesigner/OutPut/angryCitizenNPC.json using Guid(6775cf45a0e50f342a230928dc7b444a) Importer(815301076,1909f56bfc062723c751e8b465ee728b)  -> (artifact id: '00000000000000000000000000000000') in 0.001060 seconds
  ERROR: Build asset version error: assets/resources/dialoguedesigner/output/angrycitizennpc.json in SourceAssetDB has modification time of '2021-05-24T18:34:39.4652575Z' while content on disk has modification time of '2021-05-24T18:45:54.0688426Z'
  Import took 0.006558 seconds .

========================================================================
Received Import Request.
  Time since last request: 0.037562 seconds.
  path: Assets/Resources/DialogueDesigner/OutPut/angryCitizenNPC.json
  artifactKey: Guid(6775cf45a0e50f342a230928dc7b444a) Importer(815301076,1909f56bfc062723c751e8b465ee728b)
Start importing Assets/Resources/DialogueDesigner/OutPut/angryCitizenNPC.json using Guid(6775cf45a0e50f342a230928dc7b444a) Importer(815301076,1909f56bfc062723c751e8b465ee728b)  -> (artifact id: '00000000000000000000000000000000') in 0.000865 seconds
  ERROR: Build asset version error: assets/resources/dialoguedesigner/output/angrycitizennpc.json in SourceAssetDB has modification time of '2021-05-24T18:34:39.4652575Z' while content on disk has modification time of '2021-05-24T18:45:54.0688426Z'
  Import took 0.005268 seconds .

========================================================================
Received Import Request.
  Time since last request: 0.033268 seconds.
  path: Assets/Resources/DialogueDesigner/OutPut/angryCitizenNPC.json
  artifactKey: Guid(6775cf45a0e50f342a230928dc7b444a) Importer(815301076,1909f56bfc062723c751e8b465ee728b)
Start importing Assets/Resources/DialogueDesigner/OutPut/angryCitizenNPC.json using Guid(6775cf45a0e50f342a230928dc7b444a) Importer(815301076,1909f56bfc062723c751e8b465ee728b)  -> (artifact id: '00000000000000000000000000000000') in 0.000958 seconds
  ERROR: Build asset version error: assets/resources/dialoguedesigner/output/angrycitizennpc.json in SourceAssetDB has modification time of '2021-05-24T18:34:39.4652575Z' while content on disk has modification time of '2021-05-24T18:45:54.0688426Z'
  Import took 0.004948 seconds .

========================================================================
Received Import Request.
  Time since last request: 0.032973 seconds.
  path: Assets/Resources/DialogueDesigner/OutPut/angryCitizenNPC.json
  artifactKey: Guid(6775cf45a0e50f342a230928dc7b444a) Importer(815301076,1909f56bfc062723c751e8b465ee728b)
Start importing Assets/Resources/DialogueDesigner/OutPut/angryCitizenNPC.json using Guid(6775cf45a0e50f342a230928dc7b444a) Importer(815301076,1909f56bfc062723c751e8b465ee728b)  -> (artifact id: '00000000000000000000000000000000') in 0.000878 seconds
  ERROR: Build asset version error: assets/resources/dialoguedesigner/output/angrycitizennpc.json in SourceAssetDB has modification time of '2021-05-24T18:34:39.4652575Z' while content on disk has modification time of '2021-05-24T18:45:54.0688426Z'
  Import took 0.005748 seconds .

========================================================================
Received Import Request.
  Time since last request: 0.052753 seconds.
  path: Assets/Resources/DialogueDesigner/OutPut/angryCitizenNPC.json
  artifactKey: Guid(6775cf45a0e50f342a230928dc7b444a) Importer(815301076,1909f56bfc062723c751e8b465ee728b)
Start importing Assets/Resources/DialogueDesigner/OutPut/angryCitizenNPC.json using Guid(6775cf45a0e50f342a230928dc7b444a) Importer(815301076,1909f56bfc062723c751e8b465ee728b)  -> (artifact id: '00000000000000000000000000000000') in 0.001366 seconds
  ERROR: Build asset version error: assets/resources/dialoguedesigner/output/angrycitizennpc.json in SourceAssetDB has modification time of '2021-05-24T18:34:39.4652575Z' while content on disk has modification time of '2021-05-24T18:45:54.0688426Z'
  Import took 0.006806 seconds .

========================================================================
Received Import Request.
  Time since last request: 0.034437 seconds.
  path: Assets/Resources/DialogueDesigner/OutPut/angryCitizenNPC.json
  artifactKey: Guid(6775cf45a0e50f342a230928dc7b444a) Importer(815301076,1909f56bfc062723c751e8b465ee728b)
Start importing Assets/Resources/DialogueDesigner/OutPut/angryCitizenNPC.json using Guid(6775cf45a0e50f342a230928dc7b444a) Importer(815301076,1909f56bfc062723c751e8b465ee728b)  -> (artifact id: '00000000000000000000000000000000') in 0.001092 seconds
  ERROR: Build asset version error: assets/resources/dialoguedesigner/output/angrycitizennpc.json in SourceAssetDB has modification time of '2021-05-24T18:34:39.4652575Z' while content on disk has modification time of '2021-05-24T18:45:54.0688426Z'
  Import took 0.006342 seconds .

========================================================================
Received Import Request.
  Time since last request: 0.039001 seconds.
  path: Assets/Resources/DialogueDesigner/OutPut/angryCitizenNPC.json
  artifactKey: Guid(6775cf45a0e50f342a230928dc7b444a) Importer(815301076,1909f56bfc062723c751e8b465ee728b)
Start importing Assets/Resources/DialogueDesigner/OutPut/angryCitizenNPC.json using Guid(6775cf45a0e50f342a230928dc7b444a) Importer(815301076,1909f56bfc062723c751e8b465ee728b)  -> (artifact id: '00000000000000000000000000000000') in 0.000917 seconds
  ERROR: Build asset version error: assets/resources/dialoguedesigner/output/angrycitizennpc.json in SourceAssetDB has modification time of '2021-05-24T18:34:39.4652575Z' while content on disk has modification time of '2021-05-24T18:45:54.0688426Z'
  Import took 0.006829 seconds .

========================================================================
Received Import Request.
  Time since last request: 0.035556 seconds.
  path: Assets/Resources/DialogueDesigner/OutPut/angryCitizenNPC.json
  artifactKey: Guid(6775cf45a0e50f342a230928dc7b444a) Importer(815301076,1909f56bfc062723c751e8b465ee728b)
Start importing Assets/Resources/DialogueDesigner/OutPut/angryCitizenNPC.json using Guid(6775cf45a0e50f342a230928dc7b444a) Importer(815301076,1909f56bfc062723c751e8b465ee728b)  -> (artifact id: '00000000000000000000000000000000') in 0.001190 seconds
  ERROR: Build asset version error: assets/resources/dialoguedesigner/output/angrycitizennpc.json in SourceAssetDB has modification time of '2021-05-24T18:34:39.4652575Z' while content on disk has modification time of '2021-05-24T18:45:54.0688426Z'
  Import took 0.006714 seconds .

========================================================================
Received Import Request.
  Time since last request: 0.038455 seconds.
  path: Assets/Resources/DialogueDesigner/OutPut/angryCitizenNPC.json
  artifactKey: Guid(6775cf45a0e50f342a230928dc7b444a) Importer(815301076,1909f56bfc062723c751e8b465ee728b)
Start importing Assets/Resources/DialogueDesigner/OutPut/angryCitizenNPC.json using Guid(6775cf45a0e50f342a230928dc7b444a) Importer(815301076,1909f56bfc062723c751e8b465ee728b)  -> (artifact id: '00000000000000000000000000000000') in 0.001017 seconds
  ERROR: Build asset version error: assets/resources/dialoguedesigner/output/angrycitizennpc.json in SourceAssetDB has modification time of '2021-05-24T18:34:39.4652575Z' while content on disk has modification time of '2021-05-24T18:45:54.0688426Z'
  Import took 0.005693 seconds .

========================================================================
Received Import Request.
  Time since last request: 0.039631 seconds.
  path: Assets/Resources/DialogueDesigner/OutPut/angryCitizenNPC.json
  artifactKey: Guid(6775cf45a0e50f342a230928dc7b444a) Importer(815301076,1909f56bfc062723c751e8b465ee728b)
Start importing Assets/Resources/DialogueDesigner/OutPut/angryCitizenNPC.json using Guid(6775cf45a0e50f342a230928dc7b444a) Importer(815301076,1909f56bfc062723c751e8b465ee728b)  -> (artifact id: '00000000000000000000000000000000') in 0.001118 seconds
  ERROR: Build asset version error: assets/resources/dialoguedesigner/output/angrycitizennpc.json in SourceAssetDB has modification time of '2021-05-24T18:34:39.4652575Z' while content on disk has modification time of '2021-05-24T18:45:54.0688426Z'
  Import took 0.007074 seconds .

========================================================================
Received Import Request.
  Time since last request: 0.034421 seconds.
  path: Assets/Resources/DialogueDesigner/OutPut/angryCitizenNPC.json
  artifactKey: Guid(6775cf45a0e50f342a230928dc7b444a) Importer(815301076,1909f56bfc062723c751e8b465ee728b)
Start importing Assets/Resources/DialogueDesigner/OutPut/angryCitizenNPC.json using Guid(6775cf45a0e50f342a230928dc7b444a) Importer(815301076,1909f56bfc062723c751e8b465ee728b)  -> (artifact id: '00000000000000000000000000000000') in 0.001014 seconds
  ERROR: Build asset version error: assets/resources/dialoguedesigner/output/angrycitizennpc.json in SourceAssetDB has modification time of '2021-05-24T18:34:39.4652575Z' while content on disk has modification time of '2021-05-24T18:45:54.0688426Z'
  Import took 0.006023 seconds .

========================================================================
Received Import Request.
  Time since last request: 0.034295 seconds.
  path: Assets/Resources/DialogueDesigner/OutPut/angryCitizenNPC.json
  artifactKey: Guid(6775cf45a0e50f342a230928dc7b444a) Importer(815301076,1909f56bfc062723c751e8b465ee728b)
Start importing Assets/Resources/DialogueDesigner/OutPut/angryCitizenNPC.json using Guid(6775cf45a0e50f342a230928dc7b444a) Importer(815301076,1909f56bfc062723c751e8b465ee728b)  -> (artifact id: '00000000000000000000000000000000') in 0.001149 seconds
  ERROR: Build asset version error: assets/resources/dialoguedesigner/output/angrycitizennpc.json in SourceAssetDB has modification time of '2021-05-24T18:34:39.4652575Z' while content on disk has modification time of '2021-05-24T18:45:54.0688426Z'
  Import took 0.006258 seconds .

========================================================================
Received Import Request.
  Time since last request: 0.039049 seconds.
  path: Assets/Resources/DialogueDesigner/OutPut/angryCitizenNPC.json
  artifactKey: Guid(6775cf45a0e50f342a230928dc7b444a) Importer(815301076,1909f56bfc062723c751e8b465ee728b)
Start importing Assets/Resources/DialogueDesigner/OutPut/angryCitizenNPC.json using Guid(6775cf45a0e50f342a230928dc7b444a) Importer(815301076,1909f56bfc062723c751e8b465ee728b)  -> (artifact id: '00000000000000000000000000000000') in 0.001537 seconds
  ERROR: Build asset version error: assets/resources/dialoguedesigner/output/angrycitizennpc.json in SourceAssetDB has modification time of '2021-05-24T18:34:39.4652575Z' while content on disk has modification time of '2021-05-24T18:45:54.0688426Z'
  Import took 0.007188 seconds .

========================================================================
Received Import Request.
  Time since last request: 0.039899 seconds.
  path: Assets/Resources/DialogueDesigner/OutPut/angryCitizenNPC.json
  artifactKey: Guid(6775cf45a0e50f342a230928dc7b444a) Importer(815301076,1909f56bfc062723c751e8b465ee728b)
Start importing Assets/Resources/DialogueDesigner/OutPut/angryCitizenNPC.json using Guid(6775cf45a0e50f342a230928dc7b444a) Importer(815301076,1909f56bfc062723c751e8b465ee728b)  -> (artifact id: '00000000000000000000000000000000') in 0.000924 seconds
  ERROR: Build asset version error: assets/resources/dialoguedesigner/output/angrycitizennpc.json in SourceAssetDB has modification time of '2021-05-24T18:34:39.4652575Z' while content on disk has modification time of '2021-05-24T18:45:54.0688426Z'
  Import took 0.005620 seconds .

========================================================================
Received Import Request.
  Time since last request: 0.036235 seconds.
  path: Assets/Resources/DialogueDesigner/OutPut/angryCitizenNPC.json
  artifactKey: Guid(6775cf45a0e50f342a230928dc7b444a) Importer(815301076,1909f56bfc062723c751e8b465ee728b)
Start importing Assets/Resources/DialogueDesigner/OutPut/angryCitizenNPC.json using Guid(6775cf45a0e50f342a230928dc7b444a) Importer(815301076,1909f56bfc062723c751e8b465ee728b)  -> (artifact id: '00000000000000000000000000000000') in 0.001086 seconds
  ERROR: Build asset version error: assets/resources/dialoguedesigner/output/angrycitizennpc.json in SourceAssetDB has modification time of '2021-05-24T18:34:39.4652575Z' while content on disk has modification time of '2021-05-24T18:45:54.0688426Z'
  Import took 0.008201 seconds .

========================================================================
Received Import Request.
  Time since last request: 0.037158 seconds.
  path: Assets/Resources/DialogueDesigner/OutPut/angryCitizenNPC.json
  artifactKey: Guid(6775cf45a0e50f342a230928dc7b444a) Importer(815301076,1909f56bfc062723c751e8b465ee728b)
Start importing Assets/Resources/DialogueDesigner/OutPut/angryCitizenNPC.json using Guid(6775cf45a0e50f342a230928dc7b444a) Importer(815301076,1909f56bfc062723c751e8b465ee728b)  -> (artifact id: '00000000000000000000000000000000') in 0.001767 seconds
  ERROR: Build asset version error: assets/resources/dialoguedesigner/output/angrycitizennpc.json in SourceAssetDB has modification time of '2021-05-24T18:34:39.4652575Z' while content on disk has modification time of '2021-05-24T18:45:54.0688426Z'
  Import took 0.010217 seconds .

========================================================================
Received Import Request.
  Time since last request: 0.030936 seconds.
  path: Assets/Resources/DialogueDesigner/OutPut/angryCitizenNPC.json
  artifactKey: Guid(6775cf45a0e50f342a230928dc7b444a) Importer(815301076,1909f56bfc062723c751e8b465ee728b)
Start importing Assets/Resources/DialogueDesigner/OutPut/angryCitizenNPC.json using Guid(6775cf45a0e50f342a230928dc7b444a) Importer(815301076,1909f56bfc062723c751e8b465ee728b)  -> (artifact id: '00000000000000000000000000000000') in 0.000969 seconds
  ERROR: Build asset version error: assets/resources/dialoguedesigner/output/angrycitizennpc.json in SourceAssetDB has modification time of '2021-05-24T18:34:39.4652575Z' while content on disk has modification time of '2021-05-24T18:45:54.0688426Z'
  Import took 0.006153 seconds .

========================================================================
Received Import Request.
  Time since last request: 0.045432 seconds.
  path: Assets/Resources/DialogueDesigner/OutPut/angryCitizenNPC.json
  artifactKey: Guid(6775cf45a0e50f342a230928dc7b444a) Importer(815301076,1909f56bfc062723c751e8b465ee728b)
Start importing Assets/Resources/DialogueDesigner/OutPut/angryCitizenNPC.json using Guid(6775cf45a0e50f342a230928dc7b444a) Importer(815301076,1909f56bfc062723c751e8b465ee728b)  -> (artifact id: '00000000000000000000000000000000') in 0.001214 seconds
  ERROR: Build asset version error: assets/resources/dialoguedesigner/output/angrycitizennpc.json in SourceAssetDB has modification time of '2021-05-24T18:34:39.4652575Z' while content on disk has modification time of '2021-05-24T18:45:54.0688426Z'
  Import took 0.006140 seconds .

========================================================================
Received Import Request.
  Time since last request: 0.037258 seconds.
  path: Assets/Resources/DialogueDesigner/OutPut/angryCitizenNPC.json
  artifactKey: Guid(6775cf45a0e50f342a230928dc7b444a) Importer(815301076,1909f56bfc062723c751e8b465ee728b)
Start importing Assets/Resources/DialogueDesigner/OutPut/angryCitizenNPC.json using Guid(6775cf45a0e50f342a230928dc7b444a) Importer(815301076,1909f56bfc062723c751e8b465ee728b)  -> (artifact id: '00000000000000000000000000000000') in 0.000948 seconds
  ERROR: Build asset version error: assets/resources/dialoguedesigner/output/angrycitizennpc.json in SourceAssetDB has modification time of '2021-05-24T18:34:39.4652575Z' while content on disk has modification time of '2021-05-24T18:45:54.0688426Z'
  Import took 0.006081 seconds .

========================================================================
Received Import Request.
  Time since last request: 0.033290 seconds.
  path: Assets/Resources/DialogueDesigner/OutPut/angryCitizenNPC.json
  artifactKey: Guid(6775cf45a0e50f342a230928dc7b444a) Importer(815301076,1909f56bfc062723c751e8b465ee728b)
Start importing Assets/Resources/DialogueDesigner/OutPut/angryCitizenNPC.json using Guid(6775cf45a0e50f342a230928dc7b444a) Importer(815301076,1909f56bfc062723c751e8b465ee728b)  -> (artifact id: '00000000000000000000000000000000') in 0.000967 seconds
  ERROR: Build asset version error: assets/resources/dialoguedesigner/output/angrycitizennpc.json in SourceAssetDB has modification time of '2021-05-24T18:34:39.4652575Z' while content on disk has modification time of '2021-05-24T18:45:54.0688426Z'
  Import took 0.006017 seconds .

========================================================================
Received Import Request.
  Time since last request: 0.031805 seconds.
  path: Assets/Resources/DialogueDesigner/OutPut/angryCitizenNPC.json
  artifactKey: Guid(6775cf45a0e50f342a230928dc7b444a) Importer(815301076,1909f56bfc062723c751e8b465ee728b)
Start importing Assets/Resources/DialogueDesigner/OutPut/angryCitizenNPC.json using Guid(6775cf45a0e50f342a230928dc7b444a) Importer(815301076,1909f56bfc062723c751e8b465ee728b)  -> (artifact id: '00000000000000000000000000000000') in 0.000906 seconds
  ERROR: Build asset version error: assets/resources/dialoguedesigner/output/angrycitizennpc.json in SourceAssetDB has modification time of '2021-05-24T18:34:39.4652575Z' while content on disk has modification time of '2021-05-24T18:45:54.0688426Z'
  Import took 0.005552 seconds .

========================================================================
Received Import Request.
  Time since last request: 0.035624 seconds.
  path: Assets/Resources/DialogueDesigner/OutPut/angryCitizenNPC.json
  artifactKey: Guid(6775cf45a0e50f342a230928dc7b444a) Importer(815301076,1909f56bfc062723c751e8b465ee728b)
Start importing Assets/Resources/DialogueDesigner/OutPut/angryCitizenNPC.json using Guid(6775cf45a0e50f342a230928dc7b444a) Importer(815301076,1909f56bfc062723c751e8b465ee728b)  -> (artifact id: '00000000000000000000000000000000') in 0.000840 seconds
  ERROR: Build asset version error: assets/resources/dialoguedesigner/output/angrycitizennpc.json in SourceAssetDB has modification time of '2021-05-24T18:34:39.4652575Z' while content on disk has modification time of '2021-05-24T18:45:54.0688426Z'
  Import took 0.005650 seconds .

========================================================================
Received Import Request.
  Time since last request: 0.048304 seconds.
  path: Assets/Resources/DialogueDesigner/OutPut/angryCitizenNPC.json
  artifactKey: Guid(6775cf45a0e50f342a230928dc7b444a) Importer(815301076,1909f56bfc062723c751e8b465ee728b)
Start importing Assets/Resources/DialogueDesigner/OutPut/angryCitizenNPC.json using Guid(6775cf45a0e50f342a230928dc7b444a) Importer(815301076,1909f56bfc062723c751e8b465ee728b)  -> (artifact id: '00000000000000000000000000000000') in 0.001203 seconds
  ERROR: Build asset version error: assets/resources/dialoguedesigner/output/angrycitizennpc.json in SourceAssetDB has modification time of '2021-05-24T18:34:39.4652575Z' while content on disk has modification time of '2021-05-24T18:45:54.0688426Z'
  Import took 0.015176 seconds .

========================================================================
Received Import Request.
  Time since last request: 0.033105 seconds.
  path: Assets/Resources/DialogueDesigner/OutPut/angryCitizenNPC.json
  artifactKey: Guid(6775cf45a0e50f342a230928dc7b444a) Importer(815301076,1909f56bfc062723c751e8b465ee728b)
Start importing Assets/Resources/DialogueDesigner/OutPut/angryCitizenNPC.json using Guid(6775cf45a0e50f342a230928dc7b444a) Importer(815301076,1909f56bfc062723c751e8b465ee728b)  -> (artifact id: '00000000000000000000000000000000') in 0.001286 seconds
  ERROR: Build asset version error: assets/resources/dialoguedesigner/output/angrycitizennpc.json in SourceAssetDB has modification time of '2021-05-24T18:34:39.4652575Z' while content on disk has modification time of '2021-05-24T18:45:54.0688426Z'
  Import took 0.007521 seconds .

========================================================================
Received Import Request.
  Time since last request: 0.040792 seconds.
  path: Assets/Resources/DialogueDesigner/OutPut/angryCitizenNPC.json
  artifactKey: Guid(6775cf45a0e50f342a230928dc7b444a) Importer(815301076,1909f56bfc062723c751e8b465ee728b)
Start importing Assets/Resources/DialogueDesigner/OutPut/angryCitizenNPC.json using Guid(6775cf45a0e50f342a230928dc7b444a) Importer(815301076,1909f56bfc062723c751e8b465ee728b)  -> (artifact id: '00000000000000000000000000000000') in 0.000991 seconds
  ERROR: Build asset version error: assets/resources/dialoguedesigner/output/angrycitizennpc.json in SourceAssetDB has modification time of '2021-05-24T18:34:39.4652575Z' while content on disk has modification time of '2021-05-24T18:45:54.0688426Z'
  Import took 0.006197 seconds .

========================================================================
Received Import Request.
  Time since last request: 0.037362 seconds.
  path: Assets/Resources/DialogueDesigner/OutPut/angryCitizenNPC.json
  artifactKey: Guid(6775cf45a0e50f342a230928dc7b444a) Importer(815301076,1909f56bfc062723c751e8b465ee728b)
Start importing Assets/Resources/DialogueDesigner/OutPut/angryCitizenNPC.json using Guid(6775cf45a0e50f342a230928dc7b444a) Importer(815301076,1909f56bfc062723c751e8b465ee728b)  -> (artifact id: '00000000000000000000000000000000') in 0.000983 seconds
  ERROR: Build asset version error: assets/resources/dialoguedesigner/output/angrycitizennpc.json in SourceAssetDB has modification time of '2021-05-24T18:34:39.4652575Z' while content on disk has modification time of '2021-05-24T18:45:54.0688426Z'
  Import took 0.005977 seconds .

========================================================================
Received Import Request.
  Time since last request: 0.061128 seconds.
  path: Assets/Resources/DialogueDesigner/OutPut/angryCitizenNPC.json
  artifactKey: Guid(6775cf45a0e50f342a230928dc7b444a) Importer(815301076,1909f56bfc062723c751e8b465ee728b)
Start importing Assets/Resources/DialogueDesigner/OutPut/angryCitizenNPC.json using Guid(6775cf45a0e50f342a230928dc7b444a) Importer(815301076,1909f56bfc062723c751e8b465ee728b)  -> (artifact id: '00000000000000000000000000000000') in 0.001268 seconds
  ERROR: Build asset version error: assets/resources/dialoguedesigner/output/angrycitizennpc.json in SourceAssetDB has modification time of '2021-05-24T18:34:39.4652575Z' while content on disk has modification time of '2021-05-24T18:45:54.0688426Z'
  Import took 0.006872 seconds .

========================================================================
Received Import Request.
  Time since last request: 0.033353 seconds.
  path: Assets/Resources/DialogueDesigner/OutPut/angryCitizenNPC.json
  artifactKey: Guid(6775cf45a0e50f342a230928dc7b444a) Importer(815301076,1909f56bfc062723c751e8b465ee728b)
Start importing Assets/Resources/DialogueDesigner/OutPut/angryCitizenNPC.json using Guid(6775cf45a0e50f342a230928dc7b444a) Importer(815301076,1909f56bfc062723c751e8b465ee728b)  -> (artifact id: '00000000000000000000000000000000') in 0.001310 seconds
  ERROR: Build asset version error: assets/resources/dialoguedesigner/output/angrycitizennpc.json in SourceAssetDB has modification time of '2021-05-24T18:34:39.4652575Z' while content on disk has modification time of '2021-05-24T18:45:54.0688426Z'
  Import took 0.006754 seconds .

========================================================================
Received Import Request.
  Time since last request: 0.036095 seconds.
  path: Assets/Resources/DialogueDesigner/OutPut/angryCitizenNPC.json
  artifactKey: Guid(6775cf45a0e50f342a230928dc7b444a) Importer(815301076,1909f56bfc062723c751e8b465ee728b)
Start importing Assets/Resources/DialogueDesigner/OutPut/angryCitizenNPC.json using Guid(6775cf45a0e50f342a230928dc7b444a) Importer(815301076,1909f56bfc062723c751e8b465ee728b)  -> (artifact id: '00000000000000000000000000000000') in 0.001193 seconds
  ERROR: Build asset version error: assets/resources/dialoguedesigner/output/angrycitizennpc.json in SourceAssetDB has modification time of '2021-05-24T18:34:39.4652575Z' while content on disk has modification time of '2021-05-24T18:45:54.0688426Z'
  Import took 0.007481 seconds .

========================================================================
Received Import Request.
  Time since last request: 0.055428 seconds.
  path: Assets/Resources/DialogueDesigner/OutPut/HeroHome_Object_PC.json
  artifactKey: Guid(7927c8930985ca341ace082fbec03342) Importer(815301076,1909f56bfc062723c751e8b465ee728b)
Start importing Assets/Resources/DialogueDesigner/OutPut/HeroHome_Object_PC.json using Guid(7927c8930985ca341ace082fbec03342) Importer(815301076,1909f56bfc062723c751e8b465ee728b)  -> (artifact id: '101a2dff69971ee8a89dfb6d0cad93da') in 0.007778 seconds
  Import took 0.014677 seconds .

========================================================================
Received Prepare
Registering precompiled user dll's ...
Registered in 0.007297 seconds.
Begin MonoManager ReloadAssembly
Native extension for WindowsStandalone target not found
Refreshing native plugins compatible for Editor in 6.39 ms, found 0 plugins.
Preloading 0 native plugins for Editor in 0.00 ms.
Invoked RoslynAnalysisRunner static constructor.
RoslynAnalysisRunner will not be running.
RoslynAnalysisRunner has terminated.
Mono: successfully reloaded assembly
- Completed reload, in  1.453 seconds
Platform modules already initialized, skipping
Refreshing native plugins compatible for Editor in 5.75 ms, found 0 plugins.
Preloading 0 native plugins for Editor in 0.00 ms.
Unloading 1658 Unused Serialized files (Serialized files now loaded: 0)
System memory in use before: 89.1 MB.
System memory in use after: 89.2 MB.

Unloading 6 unused Assets to reduce memory usage. Loaded Objects now: 2698.
Total: 4.384122 ms (FindLiveObjects: 0.410803 ms CreateObjectMapping: 0.099557 ms MarkObjects: 3.845536 ms  DeleteObjects: 0.026172 ms)

========================================================================
Received Prepare
Registering precompiled user dll's ...
Registered in 0.005433 seconds.
Begin MonoManager ReloadAssembly
Native extension for WindowsStandalone target not found
Refreshing native plugins compatible for Editor in 3.97 ms, found 0 plugins.
Preloading 0 native plugins for Editor in 0.00 ms.
Invoked RoslynAnalysisRunner static constructor.
RoslynAnalysisRunner will not be running.
RoslynAnalysisRunner has terminated.
Mono: successfully reloaded assembly
- Completed reload, in  1.416 seconds
Platform modules already initialized, skipping
Refreshing native plugins compatible for Editor in 5.38 ms, found 0 plugins.
Preloading 0 native plugins for Editor in 0.00 ms.
Unloading 1658 Unused Serialized files (Serialized files now loaded: 0)
System memory in use before: 89.1 MB.
System memory in use after: 89.3 MB.

Unloading 6 unused Assets to reduce memory usage. Loaded Objects now: 2701.
Total: 4.398747 ms (FindLiveObjects: 0.715377 ms CreateObjectMapping: 0.306883 ms MarkObjects: 3.355960 ms  DeleteObjects: 0.018731 ms)

========================================================================
Received Prepare
Registering precompiled user dll's ...
Registered in 0.006028 seconds.
Begin MonoManager ReloadAssembly
Native extension for WindowsStandalone target not found
Refreshing native plugins compatible for Editor in 4.31 ms, found 0 plugins.
Preloading 0 native plugins for Editor in 0.00 ms.
Invoked RoslynAnalysisRunner static constructor.
RoslynAnalysisRunner will not be running.
RoslynAnalysisRunner has terminated.
Mono: successfully reloaded assembly
- Completed reload, in  1.619 seconds
Platform modules already initialized, skipping
Refreshing native plugins compatible for Editor in 3.92 ms, found 0 plugins.
Preloading 0 native plugins for Editor in 0.00 ms.
Unloading 1658 Unused Serialized files (Serialized files now loaded: 0)
System memory in use before: 89.1 MB.
System memory in use after: 89.3 MB.

Unloading 6 unused Assets to reduce memory usage. Loaded Objects now: 2704.
Total: 3.635388 ms (FindLiveObjects: 0.355379 ms CreateObjectMapping: 0.072615 ms MarkObjects: 3.184043 ms  DeleteObjects: 0.020784 ms)

========================================================================
Received Import Request.
  Time since last request: 511.910840 seconds.
  path: Assets/Custom 2D Colliders/Scripts/ArcCollider2D.cs
  artifactKey: Guid(0024cb8f521290746b708ce1ff476ed4) Importer(815301076,1909f56bfc062723c751e8b465ee728b)
Start importing Assets/Custom 2D Colliders/Scripts/ArcCollider2D.cs using Guid(0024cb8f521290746b708ce1ff476ed4) Importer(815301076,1909f56bfc062723c751e8b465ee728b)  -> (artifact id: 'd7d8d7f6d4306e072480572d906d4d55') in 0.014781 seconds
  Import took 0.021409 seconds .

========================================================================
Received Import Request.
  Time since last request: 0.002387 seconds.
  path: Assets/Custom 2D Colliders/Scripts/ArcCollider2D.cs
  artifactKey: Guid(0024cb8f521290746b708ce1ff476ed4) Importer(815301076,1909f56bfc062723c751e8b465ee728b)
Start importing Assets/Custom 2D Colliders/Scripts/ArcCollider2D.cs using Guid(0024cb8f521290746b708ce1ff476ed4) Importer(815301076,1909f56bfc062723c751e8b465ee728b)  -> (artifact id: 'd7d8d7f6d4306e072480572d906d4d55') in 0.003970 seconds
  Import took 0.008663 seconds .

========================================================================
Received Prepare
Registering precompiled user dll's ...
Registered in 0.009069 seconds.
Begin MonoManager ReloadAssembly
Native extension for WindowsStandalone target not found
Refreshing native plugins compatible for Editor in 5.41 ms, found 0 plugins.
Preloading 0 native plugins for Editor in 0.00 ms.
Invoked RoslynAnalysisRunner static constructor.
RoslynAnalysisRunner will not be running.
RoslynAnalysisRunner has terminated.
Mono: successfully reloaded assembly
- Completed reload, in  1.581 seconds
Platform modules already initialized, skipping
Refreshing native plugins compatible for Editor in 4.69 ms, found 0 plugins.
Preloading 0 native plugins for Editor in 0.00 ms.
Unloading 1658 Unused Serialized files (Serialized files now loaded: 0)
System memory in use before: 89.2 MB.
System memory in use after: 89.3 MB.

Unloading 6 unused Assets to reduce memory usage. Loaded Objects now: 2707.
Total: 3.242290 ms (FindLiveObjects: 0.238117 ms CreateObjectMapping: 0.061839 ms MarkObjects: 2.903332 ms  DeleteObjects: 0.036436 ms)

========================================================================
Received Prepare
Registering precompiled user dll's ...
Registered in 0.005332 seconds.
Begin MonoManager ReloadAssembly
Native extension for WindowsStandalone target not found
Refreshing native plugins compatible for Editor in 4.68 ms, found 0 plugins.
Preloading 0 native plugins for Editor in 0.00 ms.
Invoked RoslynAnalysisRunner static constructor.
RoslynAnalysisRunner will not be running.
RoslynAnalysisRunner has terminated.
Mono: successfully reloaded assembly
- Completed reload, in  1.513 seconds
Platform modules already initialized, skipping
Refreshing native plugins compatible for Editor in 5.06 ms, found 0 plugins.
Preloading 0 native plugins for Editor in 0.00 ms.
Unloading 1658 Unused Serialized files (Serialized files now loaded: 0)
System memory in use before: 89.2 MB.
System memory in use after: 89.3 MB.

Unloading 6 unused Assets to reduce memory usage. Loaded Objects now: 2710.
Total: 3.416259 ms (FindLiveObjects: 0.382321 ms CreateObjectMapping: 0.102123 ms MarkObjects: 2.906411 ms  DeleteObjects: 0.023093 ms)

========================================================================
Received Prepare
Registering precompiled user dll's ...
Registered in 0.006728 seconds.
Begin MonoManager ReloadAssembly
Native extension for WindowsStandalone target not found
Refreshing native plugins compatible for Editor in 5.25 ms, found 0 plugins.
Preloading 0 native plugins for Editor in 0.00 ms.
Invoked RoslynAnalysisRunner static constructor.
RoslynAnalysisRunner will not be running.
RoslynAnalysisRunner has terminated.
Mono: successfully reloaded assembly
- Completed reload, in  1.374 seconds
Platform modules already initialized, skipping
Refreshing native plugins compatible for Editor in 5.15 ms, found 0 plugins.
Preloading 0 native plugins for Editor in 0.00 ms.
Unloading 1658 Unused Serialized files (Serialized files now loaded: 0)
System memory in use before: 89.2 MB.
System memory in use after: 89.3 MB.

Unloading 6 unused Assets to reduce memory usage. Loaded Objects now: 2713.
Total: 4.483166 ms (FindLiveObjects: 0.915518 ms CreateObjectMapping: 0.363333 ms MarkObjects: 3.175832 ms  DeleteObjects: 0.025403 ms)

========================================================================
Received Prepare
Registering precompiled user dll's ...
Registered in 0.005326 seconds.
Begin MonoManager ReloadAssembly
Native extension for WindowsStandalone target not found
Refreshing native plugins compatible for Editor in 3.48 ms, found 0 plugins.
Preloading 0 native plugins for Editor in 0.00 ms.
Invoked RoslynAnalysisRunner static constructor.
RoslynAnalysisRunner will not be running.
RoslynAnalysisRunner has terminated.
Mono: successfully reloaded assembly
- Completed reload, in  1.468 seconds
Platform modules already initialized, skipping
Refreshing native plugins compatible for Editor in 4.75 ms, found 0 plugins.
Preloading 0 native plugins for Editor in 0.00 ms.
Unloading 1658 Unused Serialized files (Serialized files now loaded: 0)
System memory in use before: 89.3 MB.
System memory in use after: 89.4 MB.

Unloading 6 unused Assets to reduce memory usage. Loaded Objects now: 2716.
Total: 4.970946 ms (FindLiveObjects: 0.425429 ms CreateObjectMapping: 0.098275 ms MarkObjects: 4.406445 ms  DeleteObjects: 0.037719 ms)

========================================================================
Received Import Request.
  Time since last request: 395.456042 seconds.
  path: Assets/Scripts/GameSystems/Dialogue/ShowBubble.cs
  artifactKey: Guid(b327f0b67fccb81478769c79106b55b8) Importer(815301076,1909f56bfc062723c751e8b465ee728b)
Start importing Assets/Scripts/GameSystems/Dialogue/ShowBubble.cs using Guid(b327f0b67fccb81478769c79106b55b8) Importer(815301076,1909f56bfc062723c751e8b465ee728b)  -> (artifact id: 'cab45ad4e83d8c9e2b3615a666ef03c7') in 0.010698 seconds
  Import took 0.016787 seconds .

========================================================================
Received Import Request.
  Time since last request: 0.002463 seconds.
  path: Assets/Scripts/GameSystems/Dialogue/ShowBubble.cs
  artifactKey: Guid(b327f0b67fccb81478769c79106b55b8) Importer(815301076,1909f56bfc062723c751e8b465ee728b)
Start importing Assets/Scripts/GameSystems/Dialogue/ShowBubble.cs using Guid(b327f0b67fccb81478769c79106b55b8) Importer(815301076,1909f56bfc062723c751e8b465ee728b)  -> (artifact id: 'cab45ad4e83d8c9e2b3615a666ef03c7') in 0.004813 seconds
  Import took 0.010951 seconds .

========================================================================
Received Import Request.
  Time since last request: 33.028717 seconds.
  path: Assets/Animations/bonus1.png
  artifactKey: Guid(21d6c7b1c2afa4d4ebd7ff97a43fa9a1) Importer(815301076,1909f56bfc062723c751e8b465ee728b)
Start importing Assets/Animations/bonus1.png using Guid(21d6c7b1c2afa4d4ebd7ff97a43fa9a1) Importer(815301076,1909f56bfc062723c751e8b465ee728b)  -> (artifact id: '56655a9ad9caeaaf3e2b0ebaca22d0f3') in 0.364117 seconds
  Import took 0.370955 seconds .

========================================================================
Received Import Request.
  Time since last request: 0.000299 seconds.
  path: Assets/Animations/npc3.png
  artifactKey: Guid(75cbab435341ac9458075189d1d17cdd) Importer(815301076,1909f56bfc062723c751e8b465ee728b)
Start importing Assets/Animations/npc3.png using Guid(75cbab435341ac9458075189d1d17cdd) Importer(815301076,1909f56bfc062723c751e8b465ee728b)  -> (artifact id: '8105fcf2ad37ca9a0f175a87af34e725') in 0.324806 seconds
  Import took 0.332481 seconds .

========================================================================
Received Import Request.
  Time since last request: 0.000296 seconds.
  path: Assets/Animations/npc6.png
  artifactKey: Guid(7438c004ee2a3cb45942f54e7dcb7a8d) Importer(815301076,1909f56bfc062723c751e8b465ee728b)
Start importing Assets/Animations/npc6.png using Guid(7438c004ee2a3cb45942f54e7dcb7a8d) Importer(815301076,1909f56bfc062723c751e8b465ee728b)  -> (artifact id: 'd3146f97b8ed84c3e0316f47a69d8c45') in 0.413868 seconds
  Import took 0.422449 seconds .

========================================================================
Received Import Request.
  Time since last request: 0.000446 seconds.
  path: Assets/Animations/deadchar.png
  artifactKey: Guid(286d872fa39150c4582e79a1f11b444a) Importer(815301076,1909f56bfc062723c751e8b465ee728b)
Start importing Assets/Animations/deadchar.png using Guid(286d872fa39150c4582e79a1f11b444a) Importer(815301076,1909f56bfc062723c751e8b465ee728b)  -> (artifact id: '8197f1dfd5f31e04a57376b43743bc64') in 0.285627 seconds
  Import took 0.293910 seconds .

========================================================================
Received Import Request.
  Time since last request: 0.000208 seconds.
  path: Assets/Animations/Edge lord -1.png (2).png
  artifactKey: Guid(453ceb7258f723943b0782c3ed8c461c) Importer(815301076,1909f56bfc062723c751e8b465ee728b)
Start importing Assets/Animations/Edge lord -1.png (2).png using Guid(453ceb7258f723943b0782c3ed8c461c) Importer(815301076,1909f56bfc062723c751e8b465ee728b)  -> (artifact id: 'd570834e8e48bf3206716d795f824c30') in 0.060181 seconds
  Import took 0.066569 seconds .

========================================================================
Received Import Request.
  Time since last request: 0.000244 seconds.
  path: Assets/Animations/chara4.png
  artifactKey: Guid(12f5bb4e17d002a4184396cc5ddd9f47) Importer(815301076,1909f56bfc062723c751e8b465ee728b)
Start importing Assets/Animations/chara4.png using Guid(12f5bb4e17d002a4184396cc5ddd9f47) Importer(815301076,1909f56bfc062723c751e8b465ee728b)  -> (artifact id: 'ac390764a85dc7ed115d5bc2a89dcee9') in 0.337640 seconds
  Import took 0.344661 seconds .

========================================================================
Received Import Request.
  Time since last request: 0.000234 seconds.
  path: Assets/Animations/npc4.png
  artifactKey: Guid(115fe8266926788488545d36d1ec64c3) Importer(815301076,1909f56bfc062723c751e8b465ee728b)
Start importing Assets/Animations/npc4.png using Guid(115fe8266926788488545d36d1ec64c3) Importer(815301076,1909f56bfc062723c751e8b465ee728b)  -> (artifact id: '73314d1d558548642ed6f1c325c032f6') in 0.307202 seconds
  Import took 0.314410 seconds .

AssetImportWorkerClient::OnTransportError - code=2 error=End of file
